ARM GAS  C:\Users\Diogo\AppData\Local\Temp\cc62pam7.s 			page 1


   1              		.cpu cortex-m4
   2              		.eabi_attribute 20, 1
   3              		.eabi_attribute 21, 1
   4              		.eabi_attribute 23, 3
   5              		.eabi_attribute 24, 1
   6              		.eabi_attribute 25, 1
   7              		.eabi_attribute 26, 1
   8              		.eabi_attribute 30, 1
   9              		.eabi_attribute 34, 1
  10              		.eabi_attribute 18, 4
  11              		.file	"contexts.c"
  12              		.text
  13              	.Ltext0:
  14              		.cfi_sections	.debug_frame
  15              	.Letext0:
  16              		.section	.debug_line,"",%progbits
  17              	.Ldebug_line0:
  18              		.section	.debug_str,"MS",%progbits,1
  19              	.LASF0:
  20 0000 474E5520 		.ascii	"GNU C11 7.3.1 20180622 (release) [ARM/embedded-7-br"
  20      43313120 
  20      372E332E 
  20      31203230 
  20      31383036 
  21 0033 616E6368 		.ascii	"anch revision 261907] -mcpu=cortex-m4 -mthumb -mapc"
  21      20726576 
  21      6973696F 
  21      6E203236 
  21      31393037 
  22 0066 732D6672 		.ascii	"s-frame -mthumb-interwork -gdwarf-2 -O\000"
  22      616D6520 
  22      2D6D7468 
  22      756D622D 
  22      696E7465 
  23              	.LASF1:
  24 008d 443A5C55 		.ascii	"D:\\UTFPR\\SISTEMAS OPERACIONAIS\\so-tiva-pratica\000"
  24      54465052 
  24      5C534953 
  24      54454D41 
  24      53204F50 
  25              	.LASF2:
  26 00bc 636F6E74 		.ascii	"context/contexts.c\000"
  26      6578742F 
  26      636F6E74 
  26      65787473 
  26      2E6300
  27              		.ident	"GCC: (GNU Tools for Arm Embedded Processors 7-2018-q2-update) 7.3.1 20180622 (release) [AR
ARM GAS  C:\Users\Diogo\AppData\Local\Temp\cc62pam7.s 			page 2


DEFINED SYMBOLS
                            *ABS*:00000000 contexts.c

NO UNDEFINED SYMBOLS
