ARM GAS  C:\Users\Diogo\AppData\Local\Temp\ccLmrqNX.s 			page 1


   1              		.cpu cortex-m4
   2              		.eabi_attribute 20, 1
   3              		.eabi_attribute 21, 1
   4              		.eabi_attribute 23, 3
   5              		.eabi_attribute 24, 1
   6              		.eabi_attribute 25, 1
   7              		.eabi_attribute 26, 1
   8              		.eabi_attribute 30, 1
   9              		.eabi_attribute 34, 1
  10              		.eabi_attribute 18, 4
  11              		.file	"cpu.c"
  12              		.text
  13              	.Ltext0:
  14              		.cfi_sections	.debug_frame
  15              	.Letext0:
  16              		.section	.debug_info,"",%progbits
  17              	.Ldebug_info0:
  18 0000 60000000 		.4byte	0x60
  19 0004 0200     		.2byte	0x2
  20 0006 00000000 		.4byte	.Ldebug_abbrev0
  21 000a 04       		.byte	0x4
  22 000b 01       		.uleb128 0x1
  23 000c B8000000 		.4byte	.LASF9
  24 0010 0C       		.byte	0xc
  25 0011 B2000000 		.4byte	.LASF10
  26 0015 76000000 		.4byte	.LASF11
  27 0019 00000000 		.4byte	.Ldebug_line0
  28 001d 02       		.uleb128 0x2
  29 001e 01       		.byte	0x1
  30 001f 06       		.byte	0x6
  31 0020 1F000000 		.4byte	.LASF0
  32 0024 02       		.uleb128 0x2
  33 0025 01       		.byte	0x1
  34 0026 08       		.byte	0x8
  35 0027 5F000000 		.4byte	.LASF1
  36 002b 02       		.uleb128 0x2
  37 002c 02       		.byte	0x2
  38 002d 05       		.byte	0x5
  39 002e 3E000000 		.4byte	.LASF2
  40 0032 02       		.uleb128 0x2
  41 0033 02       		.byte	0x2
  42 0034 07       		.byte	0x7
  43 0035 2B000000 		.4byte	.LASF3
  44 0039 02       		.uleb128 0x2
  45 003a 04       		.byte	0x4
  46 003b 05       		.byte	0x5
  47 003c 6D000000 		.4byte	.LASF4
  48 0040 02       		.uleb128 0x2
  49 0041 04       		.byte	0x4
  50 0042 07       		.byte	0x7
  51 0043 0D000000 		.4byte	.LASF5
  52 0047 02       		.uleb128 0x2
  53 0048 08       		.byte	0x8
  54 0049 05       		.byte	0x5
  55 004a 45010000 		.4byte	.LASF6
  56 004e 02       		.uleb128 0x2
  57 004f 08       		.byte	0x8
ARM GAS  C:\Users\Diogo\AppData\Local\Temp\ccLmrqNX.s 			page 2


  58 0050 07       		.byte	0x7
  59 0051 48000000 		.4byte	.LASF7
  60 0055 03       		.uleb128 0x3
  61 0056 04       		.byte	0x4
  62 0057 05       		.byte	0x5
  63 0058 696E7400 		.ascii	"int\000"
  64 005c 02       		.uleb128 0x2
  65 005d 04       		.byte	0x4
  66 005e 07       		.byte	0x7
  67 005f 00000000 		.4byte	.LASF8
  68 0063 00       		.byte	0
  69              		.section	.debug_abbrev,"",%progbits
  70              	.Ldebug_abbrev0:
  71 0000 01       		.uleb128 0x1
  72 0001 11       		.uleb128 0x11
  73 0002 01       		.byte	0x1
  74 0003 25       		.uleb128 0x25
  75 0004 0E       		.uleb128 0xe
  76 0005 13       		.uleb128 0x13
  77 0006 0B       		.uleb128 0xb
  78 0007 03       		.uleb128 0x3
  79 0008 0E       		.uleb128 0xe
  80 0009 1B       		.uleb128 0x1b
  81 000a 0E       		.uleb128 0xe
  82 000b 10       		.uleb128 0x10
  83 000c 06       		.uleb128 0x6
  84 000d 00       		.byte	0
  85 000e 00       		.byte	0
  86 000f 02       		.uleb128 0x2
  87 0010 24       		.uleb128 0x24
  88 0011 00       		.byte	0
  89 0012 0B       		.uleb128 0xb
  90 0013 0B       		.uleb128 0xb
  91 0014 3E       		.uleb128 0x3e
  92 0015 0B       		.uleb128 0xb
  93 0016 03       		.uleb128 0x3
  94 0017 0E       		.uleb128 0xe
  95 0018 00       		.byte	0
  96 0019 00       		.byte	0
  97 001a 03       		.uleb128 0x3
  98 001b 24       		.uleb128 0x24
  99 001c 00       		.byte	0
 100 001d 0B       		.uleb128 0xb
 101 001e 0B       		.uleb128 0xb
 102 001f 3E       		.uleb128 0x3e
 103 0020 0B       		.uleb128 0xb
 104 0021 03       		.uleb128 0x3
 105 0022 08       		.uleb128 0x8
 106 0023 00       		.byte	0
 107 0024 00       		.byte	0
 108 0025 00       		.byte	0
 109              		.section	.debug_aranges,"",%progbits
 110 0000 14000000 		.4byte	0x14
 111 0004 0200     		.2byte	0x2
 112 0006 00000000 		.4byte	.Ldebug_info0
 113 000a 04       		.byte	0x4
 114 000b 00       		.byte	0
ARM GAS  C:\Users\Diogo\AppData\Local\Temp\ccLmrqNX.s 			page 3


 115 000c 0000     		.2byte	0
 116 000e 0000     		.2byte	0
 117 0010 00000000 		.4byte	0
 118 0014 00000000 		.4byte	0
 119              		.section	.debug_line,"",%progbits
 120              	.Ldebug_line0:
 121 0000 19000000 		.section	.debug_str,"MS",%progbits,1
 121      02001300 
 121      00000201 
 121      FB0E0D00 
 121      01010101 
 122              	.LASF8:
 123 0000 756E7369 		.ascii	"unsigned int\000"
 123      676E6564 
 123      20696E74 
 123      00
 124              	.LASF5:
 125 000d 6C6F6E67 		.ascii	"long unsigned int\000"
 125      20756E73 
 125      69676E65 
 125      6420696E 
 125      7400
 126              	.LASF0:
 127 001f 7369676E 		.ascii	"signed char\000"
 127      65642063 
 127      68617200 
 128              	.LASF3:
 129 002b 73686F72 		.ascii	"short unsigned int\000"
 129      7420756E 
 129      7369676E 
 129      65642069 
 129      6E7400
 130              	.LASF2:
 131 003e 73686F72 		.ascii	"short int\000"
 131      7420696E 
 131      7400
 132              	.LASF7:
 133 0048 6C6F6E67 		.ascii	"long long unsigned int\000"
 133      206C6F6E 
 133      6720756E 
 133      7369676E 
 133      65642069 
 134              	.LASF1:
 135 005f 756E7369 		.ascii	"unsigned char\000"
 135      676E6564 
 135      20636861 
 135      7200
 136              	.LASF4:
 137 006d 6C6F6E67 		.ascii	"long int\000"
 137      20696E74 
 137      00
 138              	.LASF11:
 139 0076 443A5C55 		.ascii	"D:\\UTFPR\\SISTEMAS OPERACIONAIS\\P1_2017_NOVO_TIVA"
 139      54465052 
 139      5C534953 
 139      54454D41 
 139      53204F50 
ARM GAS  C:\Users\Diogo\AppData\Local\Temp\ccLmrqNX.s 			page 4


 140 00a6 5F474343 		.ascii	"_GCC - 1294\000"
 140      202D2031 
 140      32393400 
 141              	.LASF10:
 142 00b2 6370752E 		.ascii	"cpu.c\000"
 142      6300
 143              	.LASF9:
 144 00b8 474E5520 		.ascii	"GNU C11 7.3.1 20180622 (release) [ARM/embedded-7-br"
 144      43313120 
 144      372E332E 
 144      31203230 
 144      31383036 
 145 00eb 616E6368 		.ascii	"anch revision 261907] -mcpu=cortex-m4 -mthumb -mapc"
 145      20726576 
 145      6973696F 
 145      6E203236 
 145      31393037 
 146 011e 732D6672 		.ascii	"s-frame -mthumb-interwork -gdwarf-2 -O\000"
 146      616D6520 
 146      2D6D7468 
 146      756D622D 
 146      696E7465 
 147              	.LASF6:
 148 0145 6C6F6E67 		.ascii	"long long int\000"
 148      206C6F6E 
 148      6720696E 
 148      7400
 149              		.ident	"GCC: (GNU Tools for Arm Embedded Processors 7-2018-q2-update) 7.3.1 20180622 (release) [AR
ARM GAS  C:\Users\Diogo\AppData\Local\Temp\ccLmrqNX.s 			page 5


DEFINED SYMBOLS
                            *ABS*:00000000 cpu.c

NO UNDEFINED SYMBOLS
