ARM GAS  C:\Users\Diogo\AppData\Local\Temp\ccCnai9x.s 			page 1


   1              		.cpu cortex-m4
   2              		.eabi_attribute 20, 1
   3              		.eabi_attribute 21, 1
   4              		.eabi_attribute 23, 3
   5              		.eabi_attribute 24, 1
   6              		.eabi_attribute 25, 1
   7              		.eabi_attribute 26, 1
   8              		.eabi_attribute 30, 1
   9              		.eabi_attribute 34, 1
  10              		.eabi_attribute 18, 4
  11              		.file	"ucontext.c"
  12              		.text
  13              	.Ltext0:
  14              		.cfi_sections	.debug_frame
  15              		.align	1
  16              		.global	getcontext
  17              		.syntax unified
  18              		.thumb
  19              		.thumb_func
  20              		.fpu softvfp
  21              		.type	getcontext, %function
  22              	getcontext:
  23              	.LFB0:
  24              		.file 1 "context/ucontext.c"
   1:context/ucontext.c **** // #pragma ARM
   2:context/ucontext.c **** #include "ucontext.h"
   3:context/ucontext.c **** 
   4:context/ucontext.c **** extern int flag;
   5:context/ucontext.c **** extern int memPC;
   6:context/ucontext.c **** 
   7:context/ucontext.c **** int r;
   8:context/ucontext.c **** int r0, r1, r2, r3, r4, r5, r6, r7, r8, r9, r10, r11, r12, r13, r14, r15;
   9:context/ucontext.c **** 
  10:context/ucontext.c **** int getcontext(ucontext_t *context)
  11:context/ucontext.c **** {
  25              		.loc 1 11 0
  26              		.cfi_startproc
  27              		@ args = 0, pretend = 0, frame = 0
  28              		@ frame_needed = 0, uses_anonymous_args = 0
  29              		@ link register save eliminated.
  30              	.LVL0:
  12:context/ucontext.c **** 	//__asm ("MOV SR, r" );   ;  SR = status register no MSP 430
  13:context/ucontext.c **** 	/*__asm (
  14:context/ucontext.c **** 			"MRS %[r], CPSR\n\t"
  15:context/ucontext.c **** 			: [r] "=&r" (r)
  16:context/ucontext.c **** 			:
  17:context/ucontext.c **** 	);   // CPSR = Current Program Status Register no ARM
  18:context/ucontext.c **** 	context->uc_mcontext.regCPSR = r;*/
  19:context/ucontext.c **** 
  20:context/ucontext.c **** 	//__asm("MOV R4, r");               No ARM:  MOV dst, src   MSP430: MOV src, dst
  21:context/ucontext.c **** 	//context->uc_mcontext.regR4 = r;
  22:context/ucontext.c **** 
  23:context/ucontext.c **** 	__asm (
  31              		.loc 1 23 0
  32 0000 214B     		ldr	r3, .L2
  33              		.syntax unified
  34              	@ 23 "context/ucontext.c" 1
ARM GAS  C:\Users\Diogo\AppData\Local\Temp\ccCnai9x.s 			page 2


  35 0002 4FF00002 		MOV r2, [r3]
  36              	@ 0 "" 2
  24:context/ucontext.c **** 			"MOV %[r], %[r0]"
  25:context/ucontext.c **** 			: [r]  "=&r" (r)
  26:context/ucontext.c **** 			: [r0] "m"  (r0)
  27:context/ucontext.c **** 	);
  28:context/ucontext.c **** 	context->uc_mcontext.regR0 = r;
  37              		.loc 1 28 0
  38              		.thumb
  39              		.syntax unified
  40 0006 C261     		str	r2, [r0, #28]
  29:context/ucontext.c **** 
  30:context/ucontext.c **** 	__asm (
  41              		.loc 1 30 0
  42 0008 204B     		ldr	r3, .L2+4
  43              		.syntax unified
  44              	@ 30 "context/ucontext.c" 1
  45 000a 4FF00002 		MOV r2, [r3]
  46              	@ 0 "" 2
  31:context/ucontext.c **** 			"MOV %[r], %[r1]"
  32:context/ucontext.c **** 			: [r]  "=&r" (r)
  33:context/ucontext.c **** 			: [r1] "m"  (r1)
  34:context/ucontext.c **** 	);
  35:context/ucontext.c **** 	context->uc_mcontext.regR1 = r;
  47              		.loc 1 35 0
  48              		.thumb
  49              		.syntax unified
  50 000e 0262     		str	r2, [r0, #32]
  36:context/ucontext.c **** 
  37:context/ucontext.c **** 	__asm (
  51              		.loc 1 37 0
  52 0010 1F4B     		ldr	r3, .L2+8
  53              		.syntax unified
  54              	@ 37 "context/ucontext.c" 1
  55 0012 4FF00002 		MOV r2, [r3]
  56              	@ 0 "" 2
  38:context/ucontext.c **** 			"MOV %[r], %[r2]"
  39:context/ucontext.c **** 			: [r]  "=&r" (r)
  40:context/ucontext.c **** 			: [r2] "m"  (r2)
  41:context/ucontext.c **** 	);
  42:context/ucontext.c **** 	context->uc_mcontext.regR2 = r;
  57              		.loc 1 42 0
  58              		.thumb
  59              		.syntax unified
  60 0016 4262     		str	r2, [r0, #36]
  43:context/ucontext.c **** 
  44:context/ucontext.c **** 	__asm (
  61              		.loc 1 44 0
  62 0018 1E4B     		ldr	r3, .L2+12
  63              		.syntax unified
  64              	@ 44 "context/ucontext.c" 1
  65 001a 4FF00002 		MOV r2, [r3]
  66              	@ 0 "" 2
  45:context/ucontext.c **** 			"MOV %[r], %[r3]"
  46:context/ucontext.c **** 			: [r]  "=&r" (r)
  47:context/ucontext.c **** 			: [r3] "m"  (r3)
  48:context/ucontext.c **** 	);
ARM GAS  C:\Users\Diogo\AppData\Local\Temp\ccCnai9x.s 			page 3


  49:context/ucontext.c **** 	context->uc_mcontext.regR3 = r;
  67              		.loc 1 49 0
  68              		.thumb
  69              		.syntax unified
  70 001e 8262     		str	r2, [r0, #40]
  50:context/ucontext.c **** 
  51:context/ucontext.c **** 	__asm (
  71              		.loc 1 51 0
  72 0020 1D4B     		ldr	r3, .L2+16
  73              		.syntax unified
  74              	@ 51 "context/ucontext.c" 1
  75 0022 4FF00002 		MOV r2, [r3]
  76              	@ 0 "" 2
  52:context/ucontext.c **** 			"MOV %[r], %[r4]"
  53:context/ucontext.c **** 			: [r]  "=&r" (r)
  54:context/ucontext.c **** 			: [r4] "m"  (r4)
  55:context/ucontext.c **** 	);
  56:context/ucontext.c **** 	context->uc_mcontext.regR4 = r;
  77              		.loc 1 56 0
  78              		.thumb
  79              		.syntax unified
  80 0026 C262     		str	r2, [r0, #44]
  57:context/ucontext.c **** 
  58:context/ucontext.c **** 	__asm (
  81              		.loc 1 58 0
  82 0028 1C4B     		ldr	r3, .L2+20
  83              		.syntax unified
  84              	@ 58 "context/ucontext.c" 1
  85 002a 4FF00002 		MOV r2, [r3]
  86              	@ 0 "" 2
  59:context/ucontext.c **** 			"MOV %[r], %[r5]"
  60:context/ucontext.c **** 			: [r]  "=&r" (r)
  61:context/ucontext.c **** 			: [r5] "m"  (r5)
  62:context/ucontext.c **** 	);
  63:context/ucontext.c **** 	context->uc_mcontext.regR5 = r;
  87              		.loc 1 63 0
  88              		.thumb
  89              		.syntax unified
  90 002e 0263     		str	r2, [r0, #48]
  64:context/ucontext.c **** 
  65:context/ucontext.c **** 	__asm (
  91              		.loc 1 65 0
  92 0030 1B4B     		ldr	r3, .L2+24
  93              		.syntax unified
  94              	@ 65 "context/ucontext.c" 1
  95 0032 4FF00002 		MOV r2, [r3]
  96              	@ 0 "" 2
  66:context/ucontext.c **** 			"MOV %[r], %[r6]"
  67:context/ucontext.c **** 			: [r]  "=&r" (r)
  68:context/ucontext.c **** 			: [r6] "m"  (r6)
  69:context/ucontext.c **** 	);
  70:context/ucontext.c **** 	context->uc_mcontext.regR6 = r;
  97              		.loc 1 70 0
  98              		.thumb
  99              		.syntax unified
 100 0036 4263     		str	r2, [r0, #52]
  71:context/ucontext.c **** 
ARM GAS  C:\Users\Diogo\AppData\Local\Temp\ccCnai9x.s 			page 4


  72:context/ucontext.c **** 	__asm (
 101              		.loc 1 72 0
 102 0038 1A4B     		ldr	r3, .L2+28
 103              		.syntax unified
 104              	@ 72 "context/ucontext.c" 1
 105 003a 4FF00002 		MOV r2, [r3]
 106              	@ 0 "" 2
  73:context/ucontext.c **** 			"MOV %[r], %[r7]"
  74:context/ucontext.c **** 			: [r]  "=&r" (r)
  75:context/ucontext.c **** 			: [r7] "m"  (r7)
  76:context/ucontext.c **** 	);
  77:context/ucontext.c **** 	context->uc_mcontext.regR7 = r;
 107              		.loc 1 77 0
 108              		.thumb
 109              		.syntax unified
 110 003e 8263     		str	r2, [r0, #56]
  78:context/ucontext.c **** 
  79:context/ucontext.c **** 	__asm (
 111              		.loc 1 79 0
 112 0040 194B     		ldr	r3, .L2+32
 113              		.syntax unified
 114              	@ 79 "context/ucontext.c" 1
 115 0042 4FF00002 		MOV r2, [r3]
 116              	@ 0 "" 2
  80:context/ucontext.c **** 			"MOV %[r], %[r8]"
  81:context/ucontext.c **** 			: [r]  "=&r" (r)
  82:context/ucontext.c **** 			: [r8] "m"  (r8)
  83:context/ucontext.c **** 	);
  84:context/ucontext.c **** 	context->uc_mcontext.regR8 = r;
 117              		.loc 1 84 0
 118              		.thumb
 119              		.syntax unified
 120 0046 C263     		str	r2, [r0, #60]
  85:context/ucontext.c **** 
  86:context/ucontext.c **** 	__asm (
 121              		.loc 1 86 0
 122 0048 184B     		ldr	r3, .L2+36
 123              		.syntax unified
 124              	@ 86 "context/ucontext.c" 1
 125 004a 4FF00002 		MOV r2, [r3]
 126              	@ 0 "" 2
  87:context/ucontext.c **** 			"MOV %[r], %[r9]"
  88:context/ucontext.c **** 			: [r]  "=&r" (r)
  89:context/ucontext.c **** 			: [r9] "m"  (r9)
  90:context/ucontext.c **** 	);
  91:context/ucontext.c **** 	context->uc_mcontext.regR9 = r;
 127              		.loc 1 91 0
 128              		.thumb
 129              		.syntax unified
 130 004e 0264     		str	r2, [r0, #64]
  92:context/ucontext.c **** 
  93:context/ucontext.c **** 	__asm (
 131              		.loc 1 93 0
 132 0050 174B     		ldr	r3, .L2+40
 133              		.syntax unified
 134              	@ 93 "context/ucontext.c" 1
 135 0052 4FF00002 		MOV r2, [r3]
ARM GAS  C:\Users\Diogo\AppData\Local\Temp\ccCnai9x.s 			page 5


 136              	@ 0 "" 2
  94:context/ucontext.c **** 			"MOV %[r], %[r10]"
  95:context/ucontext.c **** 			: [r]  "=&r" (r)
  96:context/ucontext.c **** 			: [r10] "m"  (r10)
  97:context/ucontext.c **** 	);
  98:context/ucontext.c **** 	context->uc_mcontext.regR10 = r;
 137              		.loc 1 98 0
 138              		.thumb
 139              		.syntax unified
 140 0056 4264     		str	r2, [r0, #68]
  99:context/ucontext.c **** 
 100:context/ucontext.c **** 	__asm (
 141              		.loc 1 100 0
 142 0058 164B     		ldr	r3, .L2+44
 143              		.syntax unified
 144              	@ 100 "context/ucontext.c" 1
 145 005a 4FF00002 		MOV r2, [r3]
 146              	@ 0 "" 2
 101:context/ucontext.c **** 			"MOV %[r], %[r11]"
 102:context/ucontext.c **** 			: [r]  "=&r" (r)
 103:context/ucontext.c **** 			: [r11] "m"  (r11)
 104:context/ucontext.c **** 	);
 105:context/ucontext.c **** 	context->uc_mcontext.regR11 = r;
 147              		.loc 1 105 0
 148              		.thumb
 149              		.syntax unified
 150 005e 8264     		str	r2, [r0, #72]
 106:context/ucontext.c **** 
 107:context/ucontext.c **** 	__asm (
 151              		.loc 1 107 0
 152 0060 154B     		ldr	r3, .L2+48
 153              		.syntax unified
 154              	@ 107 "context/ucontext.c" 1
 155 0062 4FF00002 		MOV r2, [r3]
 156              	@ 0 "" 2
 108:context/ucontext.c **** 			"MOV %[r], %[r12]"
 109:context/ucontext.c **** 			: [r]  "=&r" (r)
 110:context/ucontext.c **** 			: [r12] "m"  (r12)
 111:context/ucontext.c **** 	);
 112:context/ucontext.c **** 	context->uc_mcontext.regR12 = r;
 157              		.loc 1 112 0
 158              		.thumb
 159              		.syntax unified
 160 0066 C264     		str	r2, [r0, #76]
 113:context/ucontext.c **** 
 114:context/ucontext.c **** 	__asm (
 161              		.loc 1 114 0
 162 0068 144B     		ldr	r3, .L2+52
 163              		.syntax unified
 164              	@ 114 "context/ucontext.c" 1
 165 006a 4FF00002 		MOV r2, [r3]
 166              	@ 0 "" 2
 115:context/ucontext.c **** 			"MOV %[r], %[r13]"
 116:context/ucontext.c **** 			: [r]  "=&r" (r)
 117:context/ucontext.c **** 			: [r13] "m"  (r13)
 118:context/ucontext.c **** 	);            // ARM SP register
 119:context/ucontext.c **** 	context->uc_mcontext.regR13 = r;
ARM GAS  C:\Users\Diogo\AppData\Local\Temp\ccCnai9x.s 			page 6


 167              		.loc 1 119 0
 168              		.thumb
 169              		.syntax unified
 170 006e 0265     		str	r2, [r0, #80]
 120:context/ucontext.c **** 
 121:context/ucontext.c **** 	//__asm("MOV r, LR");            // ARM LR register
 122:context/ucontext.c ****     //context->uc_mcontext.reg14 = r;
 123:context/ucontext.c **** 
 124:context/ucontext.c **** 	__asm (
 171              		.loc 1 124 0
 172 0070 134B     		ldr	r3, .L2+56
 173              		.syntax unified
 174              	@ 124 "context/ucontext.c" 1
 175 0072 4FF00002 		MOV r2, [r3]
 176              	@ 0 "" 2
 177              		.thumb
 178              		.syntax unified
 179 0076 1346     		mov	r3, r2
 180 0078 124A     		ldr	r2, .L2+60
 181 007a 1360     		str	r3, [r2]
 125:context/ucontext.c **** 			"MOV %[r], %[r15]"
 126:context/ucontext.c **** 			: [r]  "=&r" (r)
 127:context/ucontext.c **** 			: [r15] "m"  (r15)
 128:context/ucontext.c **** 	);           // ARM PC register
 129:context/ucontext.c ****   context->uc_mcontext.regR15 = r;
 182              		.loc 1 129 0
 183 007c 8365     		str	r3, [r0, #88]
 130:context/ucontext.c **** 
 131:context/ucontext.c ****   // asm
 132:context/ucontext.c **** // (
 133:context/ucontext.c **** // "MOV PC, r"
 134:context/ucontext.c **** // );
 135:context/ucontext.c **** // if(!flag)
 136:context/ucontext.c **** // context->uc_mcontext.regPC = r; // Com salvamento em ASM
 137:context/ucontext.c **** 
 138:context/ucontext.c ****   context->uc_mcontext.regPC = memPC;
 184              		.loc 1 138 0
 185 007e 124B     		ldr	r3, .L2+64
 186 0080 1B68     		ldr	r3, [r3]
 187 0082 0361     		str	r3, [r0, #16]
 139:context/ucontext.c **** 
 140:context/ucontext.c ****   return 0;
 141:context/ucontext.c **** 
 142:context/ucontext.c **** }
 188              		.loc 1 142 0
 189 0084 0020     		movs	r0, #0
 190              	.LVL1:
 191 0086 7047     		bx	lr
 192              	.L3:
 193              		.align	2
 194              	.L2:
 195 0088 00000000 		.word	r0
 196 008c 00000000 		.word	r1
 197 0090 00000000 		.word	r2
 198 0094 00000000 		.word	r3
 199 0098 00000000 		.word	r4
 200 009c 00000000 		.word	r5
ARM GAS  C:\Users\Diogo\AppData\Local\Temp\ccCnai9x.s 			page 7


 201 00a0 00000000 		.word	r6
 202 00a4 00000000 		.word	r7
 203 00a8 00000000 		.word	r8
 204 00ac 00000000 		.word	r9
 205 00b0 00000000 		.word	r10
 206 00b4 00000000 		.word	r11
 207 00b8 00000000 		.word	r12
 208 00bc 00000000 		.word	r13
 209 00c0 00000000 		.word	r15
 210 00c4 00000000 		.word	r
 211 00c8 00000000 		.word	memPC
 212              		.cfi_endproc
 213              	.LFE0:
 214              		.size	getcontext, .-getcontext
 215              		.align	1
 216              		.global	setcontext
 217              		.syntax unified
 218              		.thumb
 219              		.thumb_func
 220              		.fpu softvfp
 221              		.type	setcontext, %function
 222              	setcontext:
 223              	.LFB1:
 143:context/ucontext.c **** 
 144:context/ucontext.c **** int setcontext( ucontext_t *context)
 145:context/ucontext.c **** {
 224              		.loc 1 145 0
 225              		.cfi_startproc
 226              		@ args = 0, pretend = 0, frame = 0
 227              		@ frame_needed = 0, uses_anonymous_args = 0
 228              		@ link register save eliminated.
 229              	.LVL2:
 146:context/ucontext.c **** 
 147:context/ucontext.c **** 	/*r = context->uc_mcontext.regCPSR;
 148:context/ucontext.c **** 	//MSR     CPSR_c, xxxx      sets the control bits
 149:context/ucontext.c ****     //MSR     CPSR_f, xxxx      sets the flag bits
 150:context/ucontext.c ****     //MSR     CPSR_cxsf, xxxx   sets everything
 151:context/ucontext.c **** 
 152:context/ucontext.c **** 	__asm("MSR CPSR_f, r1");
 153:context/ucontext.c **** 	//__asm("MSR CPSR_c, r1");*/
 154:context/ucontext.c **** 
 155:context/ucontext.c **** 	r = context->uc_mcontext.regR4;
 230              		.loc 1 155 0
 231 00cc 364B     		ldr	r3, .L8
 232 00ce C26A     		ldr	r2, [r0, #44]
 233 00d0 1A60     		str	r2, [r3]
 156:context/ucontext.c **** 	__asm (
 234              		.loc 1 156 0
 235              		.syntax unified
 236              	@ 156 "context/ucontext.c" 1
 237 00d2 4FF00001 		MOV r1, [r3]
 238              	@ 0 "" 2
 239              		.thumb
 240              		.syntax unified
 241 00d6 354A     		ldr	r2, .L8+4
 242 00d8 1160     		str	r1, [r2]
 157:context/ucontext.c **** 			"MOV %[r4], %[r]"
ARM GAS  C:\Users\Diogo\AppData\Local\Temp\ccCnai9x.s 			page 8


 158:context/ucontext.c **** 			: [r4]  "=&r" (r4)
 159:context/ucontext.c **** 			: [r]    "m"  (r)
 160:context/ucontext.c **** 	);
 161:context/ucontext.c **** 
 162:context/ucontext.c **** 	r = context->uc_mcontext.regR5;
 243              		.loc 1 162 0
 244 00da 026B     		ldr	r2, [r0, #48]
 245 00dc 1A60     		str	r2, [r3]
 163:context/ucontext.c **** 	__asm (
 246              		.loc 1 163 0
 247              		.syntax unified
 248              	@ 163 "context/ucontext.c" 1
 249 00de 4FF00001 		MOV r1, [r3]
 250              	@ 0 "" 2
 251              		.thumb
 252              		.syntax unified
 253 00e2 334A     		ldr	r2, .L8+8
 254 00e4 1160     		str	r1, [r2]
 164:context/ucontext.c **** 			"MOV %[r5], %[r]"
 165:context/ucontext.c **** 			: [r5]  "=&r" (r5)
 166:context/ucontext.c **** 			: [r]    "m"  (r)
 167:context/ucontext.c **** 	);
 168:context/ucontext.c **** 
 169:context/ucontext.c **** 	r = context->uc_mcontext.regR6;
 255              		.loc 1 169 0
 256 00e6 426B     		ldr	r2, [r0, #52]
 257 00e8 1A60     		str	r2, [r3]
 170:context/ucontext.c **** 	__asm (
 258              		.loc 1 170 0
 259              		.syntax unified
 260              	@ 170 "context/ucontext.c" 1
 261 00ea 4FF00001 		MOV r1, [r3]
 262              	@ 0 "" 2
 263              		.thumb
 264              		.syntax unified
 265 00ee 314A     		ldr	r2, .L8+12
 266 00f0 1160     		str	r1, [r2]
 171:context/ucontext.c **** 			"MOV %[r6], %[r]"
 172:context/ucontext.c **** 			: [r6]  "=&r" (r6)
 173:context/ucontext.c **** 			: [r]    "m"  (r)
 174:context/ucontext.c **** 	);
 175:context/ucontext.c **** 
 176:context/ucontext.c **** 	r = context->uc_mcontext.regR7;
 267              		.loc 1 176 0
 268 00f2 826B     		ldr	r2, [r0, #56]
 269 00f4 1A60     		str	r2, [r3]
 177:context/ucontext.c **** 	__asm (
 270              		.loc 1 177 0
 271              		.syntax unified
 272              	@ 177 "context/ucontext.c" 1
 273 00f6 4FF00001 		MOV r1, [r3]
 274              	@ 0 "" 2
 275              		.thumb
 276              		.syntax unified
 277 00fa 2F4A     		ldr	r2, .L8+16
 278 00fc 1160     		str	r1, [r2]
 178:context/ucontext.c **** 			"MOV %[r7], %[r]"
ARM GAS  C:\Users\Diogo\AppData\Local\Temp\ccCnai9x.s 			page 9


 179:context/ucontext.c **** 			: [r7]  "=&r" (r7)
 180:context/ucontext.c **** 			: [r]    "m"  (r)
 181:context/ucontext.c **** 	);
 182:context/ucontext.c **** 
 183:context/ucontext.c **** 	r = context->uc_mcontext.regR8;
 279              		.loc 1 183 0
 280 00fe C26B     		ldr	r2, [r0, #60]
 281 0100 1A60     		str	r2, [r3]
 184:context/ucontext.c **** 	__asm (
 282              		.loc 1 184 0
 283              		.syntax unified
 284              	@ 184 "context/ucontext.c" 1
 285 0102 4FF00001 		MOV r1, [r3]
 286              	@ 0 "" 2
 287              		.thumb
 288              		.syntax unified
 289 0106 2D4A     		ldr	r2, .L8+20
 290 0108 1160     		str	r1, [r2]
 185:context/ucontext.c **** 			"MOV %[r8], %[r]"
 186:context/ucontext.c **** 			: [r8]  "=&r" (r8)
 187:context/ucontext.c **** 			: [r]    "m"  (r)
 188:context/ucontext.c **** 	);
 189:context/ucontext.c **** 
 190:context/ucontext.c **** 	r = context->uc_mcontext.regR9;
 291              		.loc 1 190 0
 292 010a 026C     		ldr	r2, [r0, #64]
 293 010c 1A60     		str	r2, [r3]
 191:context/ucontext.c **** 	__asm (
 294              		.loc 1 191 0
 295              		.syntax unified
 296              	@ 191 "context/ucontext.c" 1
 297 010e 4FF00001 		MOV r1, [r3]
 298              	@ 0 "" 2
 299              		.thumb
 300              		.syntax unified
 301 0112 2B4A     		ldr	r2, .L8+24
 302 0114 1160     		str	r1, [r2]
 192:context/ucontext.c **** 			"MOV %[r9], %[r]"
 193:context/ucontext.c **** 			: [r9]  "=&r" (r9)
 194:context/ucontext.c **** 			: [r]    "m"  (r)
 195:context/ucontext.c **** 	);
 196:context/ucontext.c **** 
 197:context/ucontext.c **** 	r = context->uc_mcontext.regR10;
 303              		.loc 1 197 0
 304 0116 426C     		ldr	r2, [r0, #68]
 305 0118 1A60     		str	r2, [r3]
 198:context/ucontext.c **** 	__asm (
 306              		.loc 1 198 0
 307              		.syntax unified
 308              	@ 198 "context/ucontext.c" 1
 309 011a 4FF00001 		MOV r1, [r3]
 310              	@ 0 "" 2
 311              		.thumb
 312              		.syntax unified
 313 011e 294A     		ldr	r2, .L8+28
 314 0120 1160     		str	r1, [r2]
 199:context/ucontext.c **** 			"MOV %[r10], %[r]"
ARM GAS  C:\Users\Diogo\AppData\Local\Temp\ccCnai9x.s 			page 10


 200:context/ucontext.c **** 			: [r10]  "=&r" (r10)
 201:context/ucontext.c **** 			: [r]    "m"  (r)
 202:context/ucontext.c **** 	);
 203:context/ucontext.c **** 
 204:context/ucontext.c **** 	r = context->uc_mcontext.regR11;
 315              		.loc 1 204 0
 316 0122 826C     		ldr	r2, [r0, #72]
 317 0124 1A60     		str	r2, [r3]
 205:context/ucontext.c **** 	__asm (
 318              		.loc 1 205 0
 319              		.syntax unified
 320              	@ 205 "context/ucontext.c" 1
 321 0126 4FF00001 		MOV r1, [r3]
 322              	@ 0 "" 2
 323              		.thumb
 324              		.syntax unified
 325 012a 274A     		ldr	r2, .L8+32
 326 012c 1160     		str	r1, [r2]
 206:context/ucontext.c **** 			"MOV %[r11], %[r]"
 207:context/ucontext.c **** 			: [r11]  "=&r" (r11)
 208:context/ucontext.c **** 			: [r]    "m"  (r)
 209:context/ucontext.c **** 	);
 210:context/ucontext.c **** 
 211:context/ucontext.c **** 	r = context->uc_mcontext.regR12;
 327              		.loc 1 211 0
 328 012e C26C     		ldr	r2, [r0, #76]
 329 0130 1A60     		str	r2, [r3]
 212:context/ucontext.c **** 	__asm (
 330              		.loc 1 212 0
 331              		.syntax unified
 332              	@ 212 "context/ucontext.c" 1
 333 0132 4FF00001 		MOV r1, [r3]
 334              	@ 0 "" 2
 335              		.thumb
 336              		.syntax unified
 337 0136 254A     		ldr	r2, .L8+36
 338 0138 1160     		str	r1, [r2]
 213:context/ucontext.c **** 			"MOV %[r12], %[r]"
 214:context/ucontext.c **** 			: [r12]  "=&r" (r12)
 215:context/ucontext.c **** 			: [r]    "m"  (r)
 216:context/ucontext.c **** 	);
 217:context/ucontext.c **** 
 218:context/ucontext.c **** 	r = context->uc_mcontext.regR13;
 339              		.loc 1 218 0
 340 013a 026D     		ldr	r2, [r0, #80]
 341 013c 1A60     		str	r2, [r3]
 219:context/ucontext.c **** 	__asm (
 342              		.loc 1 219 0
 343              		.syntax unified
 344              	@ 219 "context/ucontext.c" 1
 345 013e 4FF00001 		MOV r1, [r3]
 346              	@ 0 "" 2
 347              		.thumb
 348              		.syntax unified
 349 0142 234A     		ldr	r2, .L8+40
 350 0144 1160     		str	r1, [r2]
 220:context/ucontext.c **** 			"MOV %[r13], %[r]"
ARM GAS  C:\Users\Diogo\AppData\Local\Temp\ccCnai9x.s 			page 11


 221:context/ucontext.c **** 			: [r13]  "=&r" (r13)
 222:context/ucontext.c **** 			: [r]    "m"  (r)
 223:context/ucontext.c **** 	);
 224:context/ucontext.c **** 
 225:context/ucontext.c **** 	r = context->uc_mcontext.regR14;
 351              		.loc 1 225 0
 352 0146 426D     		ldr	r2, [r0, #84]
 353 0148 1A60     		str	r2, [r3]
 226:context/ucontext.c **** 	__asm (
 354              		.loc 1 226 0
 355              		.syntax unified
 356              	@ 226 "context/ucontext.c" 1
 357 014a 4FF00001 		MOV r1, [r3]
 358              	@ 0 "" 2
 359              		.thumb
 360              		.syntax unified
 361 014e 214A     		ldr	r2, .L8+44
 362 0150 1160     		str	r1, [r2]
 227:context/ucontext.c **** 			"MOV %[r14], %[r]"
 228:context/ucontext.c **** 			: [r14]  "=&r" (r14)
 229:context/ucontext.c **** 			: [r]    "m"  (r)
 230:context/ucontext.c **** 	);
 231:context/ucontext.c **** 
 232:context/ucontext.c **** 	r = context->uc_mcontext.regR15;
 363              		.loc 1 232 0
 364 0152 826D     		ldr	r2, [r0, #88]
 365 0154 1A60     		str	r2, [r3]
 233:context/ucontext.c **** 	__asm (
 366              		.loc 1 233 0
 367              		.syntax unified
 368              	@ 233 "context/ucontext.c" 1
 369 0156 4FF00002 		MOV r2, [r3]
 370              	@ 0 "" 2
 371              		.thumb
 372              		.syntax unified
 373 015a 1F4B     		ldr	r3, .L8+48
 374 015c 1A60     		str	r2, [r3]
 234:context/ucontext.c **** 			"MOV %[r15], %[r]"
 235:context/ucontext.c **** 			: [r15]  "=&r" (r15)
 236:context/ucontext.c **** 			: [r]    "m"  (r)
 237:context/ucontext.c **** 	);
 238:context/ucontext.c **** 
 239:context/ucontext.c **** 
 240:context/ucontext.c **** ///////////////////////////////////////////////////////////////////
 241:context/ucontext.c **** 	if(!context->initialized)
 375              		.loc 1 241 0
 376 015e 036E     		ldr	r3, [r0, #96]
 377 0160 8BB1     		cbz	r3, .L7
 242:context/ucontext.c **** 	{
 243:context/ucontext.c **** 		r = (int)context->uc_stack.ss_sp;
 244:context/ucontext.c **** 		__asm (
 245:context/ucontext.c **** 				"MOV %[r13], %[r]"
 246:context/ucontext.c **** 				: [r13]  "=&r" (r13)
 247:context/ucontext.c **** 				: [r]    "m"  (r)
 248:context/ucontext.c **** 		);
 249:context/ucontext.c **** 
 250:context/ucontext.c **** 		r = (int)(context->func);
ARM GAS  C:\Users\Diogo\AppData\Local\Temp\ccCnai9x.s 			page 12


 251:context/ucontext.c **** 		context->initialized = 1;
 252:context/ucontext.c **** 		__asm (
 253:context/ucontext.c **** 				"MOV %[r15], %[r]"
 254:context/ucontext.c **** 				: [r15]  "=&r" (r15)
 255:context/ucontext.c **** 				: [r]    "m"  (r)
 256:context/ucontext.c **** 		);
 257:context/ucontext.c **** 	}
 258:context/ucontext.c **** 
 259:context/ucontext.c **** 	else
 260:context/ucontext.c **** 	{
 261:context/ucontext.c **** 		flag = 1;
 378              		.loc 1 261 0
 379 0162 1E4B     		ldr	r3, .L8+52
 380 0164 0122     		movs	r2, #1
 381 0166 1A60     		str	r2, [r3]
 262:context/ucontext.c **** 		r = context->uc_mcontext.regSP;
 382              		.loc 1 262 0
 383 0168 0F4B     		ldr	r3, .L8
 384 016a 4269     		ldr	r2, [r0, #20]
 385 016c 1A60     		str	r2, [r3]
 263:context/ucontext.c **** 		__asm (
 386              		.loc 1 263 0
 387              		.syntax unified
 388              	@ 263 "context/ucontext.c" 1
 389 016e 4FF00001 		MOV r1, [r3]
 390              	@ 0 "" 2
 391              		.thumb
 392              		.syntax unified
 393 0172 174A     		ldr	r2, .L8+40
 394 0174 1160     		str	r1, [r2]
 264:context/ucontext.c **** 				"MOV %[r13], %[r]"
 265:context/ucontext.c **** 				: [r13]  "=&r" (r13)
 266:context/ucontext.c **** 				: [r]    "m"  (r)
 267:context/ucontext.c **** 		);
 268:context/ucontext.c **** 
 269:context/ucontext.c **** 		r = context->uc_mcontext.regPC;
 395              		.loc 1 269 0
 396 0176 0269     		ldr	r2, [r0, #16]
 397 0178 1A60     		str	r2, [r3]
 270:context/ucontext.c **** 		__asm (
 398              		.loc 1 270 0
 399              		.syntax unified
 400              	@ 270 "context/ucontext.c" 1
 401 017a 4FF00002 		MOV r2, [r3]
 402              	@ 0 "" 2
 403              		.thumb
 404              		.syntax unified
 405 017e 164B     		ldr	r3, .L8+48
 406 0180 1A60     		str	r2, [r3]
 407              	.L6:
 271:context/ucontext.c **** 				"MOV %[r15], %[r]"
 272:context/ucontext.c **** 				: [r15]  "=&r" (r15)
 273:context/ucontext.c **** 				: [r]    "m"  (r)
 274:context/ucontext.c **** 		);
 275:context/ucontext.c **** 	}
 276:context/ucontext.c **** 
 277:context/ucontext.c **** 	return 0;
ARM GAS  C:\Users\Diogo\AppData\Local\Temp\ccCnai9x.s 			page 13


 278:context/ucontext.c **** }
 408              		.loc 1 278 0
 409 0182 0020     		movs	r0, #0
 410              	.LVL3:
 411 0184 7047     		bx	lr
 412              	.LVL4:
 413              	.L7:
 243:context/ucontext.c **** 		__asm (
 414              		.loc 1 243 0
 415 0186 084B     		ldr	r3, .L8
 416 0188 4268     		ldr	r2, [r0, #4]
 417 018a 1A60     		str	r2, [r3]
 244:context/ucontext.c **** 				"MOV %[r13], %[r]"
 418              		.loc 1 244 0
 419              		.syntax unified
 420              	@ 244 "context/ucontext.c" 1
 421 018c 4FF00001 		MOV r1, [r3]
 422              	@ 0 "" 2
 423              		.thumb
 424              		.syntax unified
 425 0190 0F4A     		ldr	r2, .L8+40
 426 0192 1160     		str	r1, [r2]
 250:context/ucontext.c **** 		context->initialized = 1;
 427              		.loc 1 250 0
 428 0194 C26D     		ldr	r2, [r0, #92]
 429 0196 1A60     		str	r2, [r3]
 251:context/ucontext.c **** 		__asm (
 430              		.loc 1 251 0
 431 0198 0122     		movs	r2, #1
 432 019a 0266     		str	r2, [r0, #96]
 252:context/ucontext.c **** 				"MOV %[r15], %[r]"
 433              		.loc 1 252 0
 434              		.syntax unified
 435              	@ 252 "context/ucontext.c" 1
 436 019c 4FF00002 		MOV r2, [r3]
 437              	@ 0 "" 2
 438              		.thumb
 439              		.syntax unified
 440 01a0 0D4B     		ldr	r3, .L8+48
 441 01a2 1A60     		str	r2, [r3]
 442 01a4 EDE7     		b	.L6
 443              	.L9:
 444 01a6 00BF     		.align	2
 445              	.L8:
 446 01a8 00000000 		.word	r
 447 01ac 00000000 		.word	r4
 448 01b0 00000000 		.word	r5
 449 01b4 00000000 		.word	r6
 450 01b8 00000000 		.word	r7
 451 01bc 00000000 		.word	r8
 452 01c0 00000000 		.word	r9
 453 01c4 00000000 		.word	r10
 454 01c8 00000000 		.word	r11
 455 01cc 00000000 		.word	r12
 456 01d0 00000000 		.word	r13
 457 01d4 00000000 		.word	r14
 458 01d8 00000000 		.word	r15
ARM GAS  C:\Users\Diogo\AppData\Local\Temp\ccCnai9x.s 			page 14


 459 01dc 00000000 		.word	flag
 460              		.cfi_endproc
 461              	.LFE1:
 462              		.size	setcontext, .-setcontext
 463              		.align	1
 464              		.global	makecontext
 465              		.syntax unified
 466              		.thumb
 467              		.thumb_func
 468              		.fpu softvfp
 469              		.type	makecontext, %function
 470              	makecontext:
 471              	.LFB2:
 279:context/ucontext.c **** 
 280:context/ucontext.c **** 
 281:context/ucontext.c **** /////////////////////////////////////////////////////////////////////////
 282:context/ucontext.c **** 
 283:context/ucontext.c **** 
 284:context/ucontext.c **** //void makecontext(ucontext_t *context, int start_routine, int n_parms, char* parm)
 285:context/ucontext.c **** void makecontext(ucontext_t *context, int start_routine, int n_parms, char* parm)
 286:context/ucontext.c **** {
 472              		.loc 1 286 0
 473              		.cfi_startproc
 474              		@ args = 0, pretend = 0, frame = 0
 475              		@ frame_needed = 0, uses_anonymous_args = 0
 476              		@ link register save eliminated.
 477              	.LVL5:
 287:context/ucontext.c **** 	context->func = start_routine;
 478              		.loc 1 287 0
 479 01e0 C165     		str	r1, [r0, #92]
 288:context/ucontext.c **** }
 480              		.loc 1 288 0
 481 01e2 7047     		bx	lr
 482              		.cfi_endproc
 483              	.LFE2:
 484              		.size	makecontext, .-makecontext
 485              		.align	1
 486              		.global	swapcontext
 487              		.syntax unified
 488              		.thumb
 489              		.thumb_func
 490              		.fpu softvfp
 491              		.type	swapcontext, %function
 492              	swapcontext:
 493              	.LFB3:
 289:context/ucontext.c **** 
 290:context/ucontext.c **** int swapcontext(ucontext_t *saida, ucontext_t *entrada)
 291:context/ucontext.c **** {
 494              		.loc 1 291 0
 495              		.cfi_startproc
 496              		@ args = 0, pretend = 0, frame = 8
 497              		@ frame_needed = 0, uses_anonymous_args = 0
 498              	.LVL6:
 499 01e4 00B5     		push	{lr}
 500              	.LCFI0:
 501              		.cfi_def_cfa_offset 4
 502              		.cfi_offset 14, -4
ARM GAS  C:\Users\Diogo\AppData\Local\Temp\ccCnai9x.s 			page 15


 503 01e6 83B0     		sub	sp, sp, #12
 504              	.LCFI1:
 505              		.cfi_def_cfa_offset 16
 506 01e8 0191     		str	r1, [sp, #4]
 292:context/ucontext.c **** 	getcontext(saida);
 507              		.loc 1 292 0
 508 01ea FFF7FEFF 		bl	getcontext
 509              	.LVL7:
 293:context/ucontext.c **** 	setcontext(entrada);
 510              		.loc 1 293 0
 511 01ee 0198     		ldr	r0, [sp, #4]
 512 01f0 FFF7FEFF 		bl	setcontext
 513              	.LVL8:
 294:context/ucontext.c **** 
 295:context/ucontext.c **** 	return 0;
 296:context/ucontext.c **** }
 514              		.loc 1 296 0
 515 01f4 0020     		movs	r0, #0
 516 01f6 03B0     		add	sp, sp, #12
 517              	.LCFI2:
 518              		.cfi_def_cfa_offset 4
 519              		@ sp needed
 520 01f8 5DF804FB 		ldr	pc, [sp], #4
 521              		.cfi_endproc
 522              	.LFE3:
 523              		.size	swapcontext, .-swapcontext
 524              		.comm	r15,4,4
 525              		.comm	r14,4,4
 526              		.comm	r13,4,4
 527              		.comm	r12,4,4
 528              		.comm	r11,4,4
 529              		.comm	r10,4,4
 530              		.comm	r9,4,4
 531              		.comm	r8,4,4
 532              		.comm	r7,4,4
 533              		.comm	r6,4,4
 534              		.comm	r5,4,4
 535              		.comm	r4,4,4
 536              		.comm	r3,4,4
 537              		.comm	r2,4,4
 538              		.comm	r1,4,4
 539              		.comm	r0,4,4
 540              		.comm	r,4,4
 541              	.Letext0:
 542              		.file 2 "context/ucontext.h"
 543              		.section	.debug_info,"",%progbits
 544              	.Ldebug_info0:
 545 0000 5A040000 		.4byte	0x45a
 546 0004 0200     		.2byte	0x2
 547 0006 00000000 		.4byte	.Ldebug_abbrev0
 548 000a 04       		.byte	0x4
 549 000b 01       		.uleb128 0x1
 550 000c 93010000 		.4byte	.LASF44
 551 0010 0C       		.byte	0xc
 552 0011 00000000 		.4byte	.LASF45
 553 0015 22000000 		.4byte	.LASF46
 554 0019 00000000 		.4byte	.Ltext0
ARM GAS  C:\Users\Diogo\AppData\Local\Temp\ccCnai9x.s 			page 16


 555 001d FC010000 		.4byte	.Letext0
 556 0021 00000000 		.4byte	.Ldebug_line0
 557 0025 02       		.uleb128 0x2
 558 0026 86010000 		.4byte	.LASF5
 559 002a 0C       		.byte	0xc
 560 002b 02       		.byte	0x2
 561 002c 04       		.byte	0x4
 562 002d 5C000000 		.4byte	0x5c
 563 0031 03       		.uleb128 0x3
 564 0032 6C010000 		.4byte	.LASF0
 565 0036 02       		.byte	0x2
 566 0037 06       		.byte	0x6
 567 0038 5C000000 		.4byte	0x5c
 568 003c 02       		.byte	0x2
 569 003d 23       		.byte	0x23
 570 003e 00       		.uleb128 0
 571 003f 03       		.uleb128 0x3
 572 0040 7E010000 		.4byte	.LASF1
 573 0044 02       		.byte	0x2
 574 0045 08       		.byte	0x8
 575 0046 69000000 		.4byte	0x69
 576 004a 02       		.byte	0x2
 577 004b 23       		.byte	0x23
 578 004c 04       		.uleb128 0x4
 579 004d 03       		.uleb128 0x3
 580 004e 53010000 		.4byte	.LASF2
 581 0052 02       		.byte	0x2
 582 0053 09       		.byte	0x9
 583 0054 70000000 		.4byte	0x70
 584 0058 02       		.byte	0x2
 585 0059 23       		.byte	0x23
 586 005a 08       		.uleb128 0x8
 587 005b 00       		.byte	0
 588 005c 04       		.uleb128 0x4
 589 005d 04       		.byte	0x4
 590 005e 62000000 		.4byte	0x62
 591 0062 05       		.uleb128 0x5
 592 0063 01       		.byte	0x1
 593 0064 08       		.byte	0x8
 594 0065 29010000 		.4byte	.LASF3
 595 0069 05       		.uleb128 0x5
 596 006a 04       		.byte	0x4
 597 006b 05       		.byte	0x5
 598 006c 13000000 		.4byte	.LASF4
 599 0070 06       		.uleb128 0x6
 600 0071 04       		.byte	0x4
 601 0072 05       		.byte	0x5
 602 0073 696E7400 		.ascii	"int\000"
 603 0077 07       		.uleb128 0x7
 604 0078 86010000 		.4byte	.LASF5
 605 007c 02       		.byte	0x2
 606 007d 0A       		.byte	0xa
 607 007e 25000000 		.4byte	0x25
 608 0082 02       		.uleb128 0x2
 609 0083 F8000000 		.4byte	.LASF6
 610 0087 4C       		.byte	0x4c
 611 0088 02       		.byte	0x2
ARM GAS  C:\Users\Diogo\AppData\Local\Temp\ccCnai9x.s 			page 17


 612 0089 0C       		.byte	0xc
 613 008a 99010000 		.4byte	0x199
 614 008e 03       		.uleb128 0x3
 615 008f 03010000 		.4byte	.LASF7
 616 0093 02       		.byte	0x2
 617 0094 0E       		.byte	0xe
 618 0095 70000000 		.4byte	0x70
 619 0099 02       		.byte	0x2
 620 009a 23       		.byte	0x23
 621 009b 00       		.uleb128 0
 622 009c 03       		.uleb128 0x3
 623 009d 1C000000 		.4byte	.LASF8
 624 00a1 02       		.byte	0x2
 625 00a2 0F       		.byte	0xf
 626 00a3 70000000 		.4byte	0x70
 627 00a7 02       		.byte	0x2
 628 00a8 23       		.byte	0x23
 629 00a9 04       		.uleb128 0x4
 630 00aa 03       		.uleb128 0x3
 631 00ab 3A010000 		.4byte	.LASF9
 632 00af 02       		.byte	0x2
 633 00b0 10       		.byte	0x10
 634 00b1 70000000 		.4byte	0x70
 635 00b5 02       		.byte	0x2
 636 00b6 23       		.byte	0x23
 637 00b7 08       		.uleb128 0x8
 638 00b8 03       		.uleb128 0x3
 639 00b9 B6000000 		.4byte	.LASF10
 640 00bd 02       		.byte	0x2
 641 00be 11       		.byte	0x11
 642 00bf 70000000 		.4byte	0x70
 643 00c3 02       		.byte	0x2
 644 00c4 23       		.byte	0x23
 645 00c5 0C       		.uleb128 0xc
 646 00c6 03       		.uleb128 0x3
 647 00c7 BC000000 		.4byte	.LASF11
 648 00cb 02       		.byte	0x2
 649 00cc 12       		.byte	0x12
 650 00cd 70000000 		.4byte	0x70
 651 00d1 02       		.byte	0x2
 652 00d2 23       		.byte	0x23
 653 00d3 10       		.uleb128 0x10
 654 00d4 03       		.uleb128 0x3
 655 00d5 C2000000 		.4byte	.LASF12
 656 00d9 02       		.byte	0x2
 657 00da 13       		.byte	0x13
 658 00db 70000000 		.4byte	0x70
 659 00df 02       		.byte	0x2
 660 00e0 23       		.byte	0x23
 661 00e1 14       		.uleb128 0x14
 662 00e2 03       		.uleb128 0x3
 663 00e3 C8000000 		.4byte	.LASF13
 664 00e7 02       		.byte	0x2
 665 00e8 14       		.byte	0x14
 666 00e9 70000000 		.4byte	0x70
 667 00ed 02       		.byte	0x2
 668 00ee 23       		.byte	0x23
ARM GAS  C:\Users\Diogo\AppData\Local\Temp\ccCnai9x.s 			page 18


 669 00ef 18       		.uleb128 0x18
 670 00f0 03       		.uleb128 0x3
 671 00f1 CE000000 		.4byte	.LASF14
 672 00f5 02       		.byte	0x2
 673 00f6 15       		.byte	0x15
 674 00f7 70000000 		.4byte	0x70
 675 00fb 02       		.byte	0x2
 676 00fc 23       		.byte	0x23
 677 00fd 1C       		.uleb128 0x1c
 678 00fe 03       		.uleb128 0x3
 679 00ff D4000000 		.4byte	.LASF15
 680 0103 02       		.byte	0x2
 681 0104 16       		.byte	0x16
 682 0105 70000000 		.4byte	0x70
 683 0109 02       		.byte	0x2
 684 010a 23       		.byte	0x23
 685 010b 20       		.uleb128 0x20
 686 010c 03       		.uleb128 0x3
 687 010d DA000000 		.4byte	.LASF16
 688 0111 02       		.byte	0x2
 689 0112 17       		.byte	0x17
 690 0113 70000000 		.4byte	0x70
 691 0117 02       		.byte	0x2
 692 0118 23       		.byte	0x23
 693 0119 24       		.uleb128 0x24
 694 011a 03       		.uleb128 0x3
 695 011b E0000000 		.4byte	.LASF17
 696 011f 02       		.byte	0x2
 697 0120 18       		.byte	0x18
 698 0121 70000000 		.4byte	0x70
 699 0125 02       		.byte	0x2
 700 0126 23       		.byte	0x23
 701 0127 28       		.uleb128 0x28
 702 0128 03       		.uleb128 0x3
 703 0129 E6000000 		.4byte	.LASF18
 704 012d 02       		.byte	0x2
 705 012e 19       		.byte	0x19
 706 012f 70000000 		.4byte	0x70
 707 0133 02       		.byte	0x2
 708 0134 23       		.byte	0x23
 709 0135 2C       		.uleb128 0x2c
 710 0136 03       		.uleb128 0x3
 711 0137 EC000000 		.4byte	.LASF19
 712 013b 02       		.byte	0x2
 713 013c 1A       		.byte	0x1a
 714 013d 70000000 		.4byte	0x70
 715 0141 02       		.byte	0x2
 716 0142 23       		.byte	0x23
 717 0143 30       		.uleb128 0x30
 718 0144 03       		.uleb128 0x3
 719 0145 80000000 		.4byte	.LASF20
 720 0149 02       		.byte	0x2
 721 014a 1B       		.byte	0x1b
 722 014b 70000000 		.4byte	0x70
 723 014f 02       		.byte	0x2
 724 0150 23       		.byte	0x23
 725 0151 34       		.uleb128 0x34
ARM GAS  C:\Users\Diogo\AppData\Local\Temp\ccCnai9x.s 			page 19


 726 0152 03       		.uleb128 0x3
 727 0153 87000000 		.4byte	.LASF21
 728 0157 02       		.byte	0x2
 729 0158 1C       		.byte	0x1c
 730 0159 70000000 		.4byte	0x70
 731 015d 02       		.byte	0x2
 732 015e 23       		.byte	0x23
 733 015f 38       		.uleb128 0x38
 734 0160 03       		.uleb128 0x3
 735 0161 8E000000 		.4byte	.LASF22
 736 0165 02       		.byte	0x2
 737 0166 1D       		.byte	0x1d
 738 0167 70000000 		.4byte	0x70
 739 016b 02       		.byte	0x2
 740 016c 23       		.byte	0x23
 741 016d 3C       		.uleb128 0x3c
 742 016e 03       		.uleb128 0x3
 743 016f 95000000 		.4byte	.LASF23
 744 0173 02       		.byte	0x2
 745 0174 1E       		.byte	0x1e
 746 0175 70000000 		.4byte	0x70
 747 0179 02       		.byte	0x2
 748 017a 23       		.byte	0x23
 749 017b 40       		.uleb128 0x40
 750 017c 03       		.uleb128 0x3
 751 017d 9C000000 		.4byte	.LASF24
 752 0181 02       		.byte	0x2
 753 0182 1F       		.byte	0x1f
 754 0183 70000000 		.4byte	0x70
 755 0187 02       		.byte	0x2
 756 0188 23       		.byte	0x23
 757 0189 44       		.uleb128 0x44
 758 018a 03       		.uleb128 0x3
 759 018b A3000000 		.4byte	.LASF25
 760 018f 02       		.byte	0x2
 761 0190 20       		.byte	0x20
 762 0191 70000000 		.4byte	0x70
 763 0195 02       		.byte	0x2
 764 0196 23       		.byte	0x23
 765 0197 48       		.uleb128 0x48
 766 0198 00       		.byte	0
 767 0199 07       		.uleb128 0x7
 768 019a F8000000 		.4byte	.LASF6
 769 019e 02       		.byte	0x2
 770 019f 21       		.byte	0x21
 771 01a0 82000000 		.4byte	0x82
 772 01a4 02       		.uleb128 0x2
 773 01a5 75000000 		.4byte	.LASF26
 774 01a9 64       		.byte	0x64
 775 01aa 02       		.byte	0x2
 776 01ab 23       		.byte	0x23
 777 01ac F7010000 		.4byte	0x1f7
 778 01b0 03       		.uleb128 0x3
 779 01b1 4B010000 		.4byte	.LASF27
 780 01b5 02       		.byte	0x2
 781 01b6 25       		.byte	0x25
 782 01b7 F7010000 		.4byte	0x1f7
ARM GAS  C:\Users\Diogo\AppData\Local\Temp\ccCnai9x.s 			page 20


 783 01bb 02       		.byte	0x2
 784 01bc 23       		.byte	0x23
 785 01bd 00       		.uleb128 0
 786 01be 03       		.uleb128 0x3
 787 01bf 42010000 		.4byte	.LASF28
 788 01c3 02       		.byte	0x2
 789 01c4 27       		.byte	0x27
 790 01c5 77000000 		.4byte	0x77
 791 01c9 02       		.byte	0x2
 792 01ca 23       		.byte	0x23
 793 01cb 04       		.uleb128 0x4
 794 01cc 03       		.uleb128 0x3
 795 01cd 5E000000 		.4byte	.LASF29
 796 01d1 02       		.byte	0x2
 797 01d2 28       		.byte	0x28
 798 01d3 99010000 		.4byte	0x199
 799 01d7 02       		.byte	0x2
 800 01d8 23       		.byte	0x23
 801 01d9 10       		.uleb128 0x10
 802 01da 03       		.uleb128 0x3
 803 01db 1F010000 		.4byte	.LASF30
 804 01df 02       		.byte	0x2
 805 01e0 29       		.byte	0x29
 806 01e1 70000000 		.4byte	0x70
 807 01e5 02       		.byte	0x2
 808 01e6 23       		.byte	0x23
 809 01e7 5C       		.uleb128 0x5c
 810 01e8 03       		.uleb128 0x3
 811 01e9 AA000000 		.4byte	.LASF31
 812 01ed 02       		.byte	0x2
 813 01ee 2A       		.byte	0x2a
 814 01ef 70000000 		.4byte	0x70
 815 01f3 02       		.byte	0x2
 816 01f4 23       		.byte	0x23
 817 01f5 60       		.uleb128 0x60
 818 01f6 00       		.byte	0
 819 01f7 04       		.uleb128 0x4
 820 01f8 04       		.byte	0x4
 821 01f9 A4010000 		.4byte	0x1a4
 822 01fd 07       		.uleb128 0x7
 823 01fe 75000000 		.4byte	.LASF26
 824 0202 02       		.byte	0x2
 825 0203 2B       		.byte	0x2b
 826 0204 A4010000 		.4byte	0x1a4
 827 0208 08       		.uleb128 0x8
 828 0209 24010000 		.4byte	.LASF32
 829 020d 01       		.byte	0x1
 830 020e 04       		.byte	0x4
 831 020f 70000000 		.4byte	0x70
 832 0213 01       		.byte	0x1
 833 0214 01       		.byte	0x1
 834 0215 08       		.uleb128 0x8
 835 0216 F2000000 		.4byte	.LASF33
 836 021a 01       		.byte	0x1
 837 021b 05       		.byte	0x5
 838 021c 70000000 		.4byte	0x70
 839 0220 01       		.byte	0x1
ARM GAS  C:\Users\Diogo\AppData\Local\Temp\ccCnai9x.s 			page 21


 840 0221 01       		.byte	0x1
 841 0222 09       		.uleb128 0x9
 842 0223 7200     		.ascii	"r\000"
 843 0225 01       		.byte	0x1
 844 0226 07       		.byte	0x7
 845 0227 70000000 		.4byte	0x70
 846 022b 01       		.byte	0x1
 847 022c 05       		.byte	0x5
 848 022d 03       		.byte	0x3
 849 022e 00000000 		.4byte	r
 850 0232 09       		.uleb128 0x9
 851 0233 723000   		.ascii	"r0\000"
 852 0236 01       		.byte	0x1
 853 0237 08       		.byte	0x8
 854 0238 70000000 		.4byte	0x70
 855 023c 01       		.byte	0x1
 856 023d 05       		.byte	0x5
 857 023e 03       		.byte	0x3
 858 023f 00000000 		.4byte	r0
 859 0243 09       		.uleb128 0x9
 860 0244 723100   		.ascii	"r1\000"
 861 0247 01       		.byte	0x1
 862 0248 08       		.byte	0x8
 863 0249 70000000 		.4byte	0x70
 864 024d 01       		.byte	0x1
 865 024e 05       		.byte	0x5
 866 024f 03       		.byte	0x3
 867 0250 00000000 		.4byte	r1
 868 0254 09       		.uleb128 0x9
 869 0255 723200   		.ascii	"r2\000"
 870 0258 01       		.byte	0x1
 871 0259 08       		.byte	0x8
 872 025a 70000000 		.4byte	0x70
 873 025e 01       		.byte	0x1
 874 025f 05       		.byte	0x5
 875 0260 03       		.byte	0x3
 876 0261 00000000 		.4byte	r2
 877 0265 09       		.uleb128 0x9
 878 0266 723300   		.ascii	"r3\000"
 879 0269 01       		.byte	0x1
 880 026a 08       		.byte	0x8
 881 026b 70000000 		.4byte	0x70
 882 026f 01       		.byte	0x1
 883 0270 05       		.byte	0x5
 884 0271 03       		.byte	0x3
 885 0272 00000000 		.4byte	r3
 886 0276 09       		.uleb128 0x9
 887 0277 723400   		.ascii	"r4\000"
 888 027a 01       		.byte	0x1
 889 027b 08       		.byte	0x8
 890 027c 70000000 		.4byte	0x70
 891 0280 01       		.byte	0x1
 892 0281 05       		.byte	0x5
 893 0282 03       		.byte	0x3
 894 0283 00000000 		.4byte	r4
 895 0287 09       		.uleb128 0x9
 896 0288 723500   		.ascii	"r5\000"
ARM GAS  C:\Users\Diogo\AppData\Local\Temp\ccCnai9x.s 			page 22


 897 028b 01       		.byte	0x1
 898 028c 08       		.byte	0x8
 899 028d 70000000 		.4byte	0x70
 900 0291 01       		.byte	0x1
 901 0292 05       		.byte	0x5
 902 0293 03       		.byte	0x3
 903 0294 00000000 		.4byte	r5
 904 0298 09       		.uleb128 0x9
 905 0299 723600   		.ascii	"r6\000"
 906 029c 01       		.byte	0x1
 907 029d 08       		.byte	0x8
 908 029e 70000000 		.4byte	0x70
 909 02a2 01       		.byte	0x1
 910 02a3 05       		.byte	0x5
 911 02a4 03       		.byte	0x3
 912 02a5 00000000 		.4byte	r6
 913 02a9 09       		.uleb128 0x9
 914 02aa 723700   		.ascii	"r7\000"
 915 02ad 01       		.byte	0x1
 916 02ae 08       		.byte	0x8
 917 02af 70000000 		.4byte	0x70
 918 02b3 01       		.byte	0x1
 919 02b4 05       		.byte	0x5
 920 02b5 03       		.byte	0x3
 921 02b6 00000000 		.4byte	r7
 922 02ba 09       		.uleb128 0x9
 923 02bb 723800   		.ascii	"r8\000"
 924 02be 01       		.byte	0x1
 925 02bf 08       		.byte	0x8
 926 02c0 70000000 		.4byte	0x70
 927 02c4 01       		.byte	0x1
 928 02c5 05       		.byte	0x5
 929 02c6 03       		.byte	0x3
 930 02c7 00000000 		.4byte	r8
 931 02cb 09       		.uleb128 0x9
 932 02cc 723900   		.ascii	"r9\000"
 933 02cf 01       		.byte	0x1
 934 02d0 08       		.byte	0x8
 935 02d1 70000000 		.4byte	0x70
 936 02d5 01       		.byte	0x1
 937 02d6 05       		.byte	0x5
 938 02d7 03       		.byte	0x3
 939 02d8 00000000 		.4byte	r9
 940 02dc 09       		.uleb128 0x9
 941 02dd 72313000 		.ascii	"r10\000"
 942 02e1 01       		.byte	0x1
 943 02e2 08       		.byte	0x8
 944 02e3 70000000 		.4byte	0x70
 945 02e7 01       		.byte	0x1
 946 02e8 05       		.byte	0x5
 947 02e9 03       		.byte	0x3
 948 02ea 00000000 		.4byte	r10
 949 02ee 09       		.uleb128 0x9
 950 02ef 72313100 		.ascii	"r11\000"
 951 02f3 01       		.byte	0x1
 952 02f4 08       		.byte	0x8
 953 02f5 70000000 		.4byte	0x70
ARM GAS  C:\Users\Diogo\AppData\Local\Temp\ccCnai9x.s 			page 23


 954 02f9 01       		.byte	0x1
 955 02fa 05       		.byte	0x5
 956 02fb 03       		.byte	0x3
 957 02fc 00000000 		.4byte	r11
 958 0300 09       		.uleb128 0x9
 959 0301 72313200 		.ascii	"r12\000"
 960 0305 01       		.byte	0x1
 961 0306 08       		.byte	0x8
 962 0307 70000000 		.4byte	0x70
 963 030b 01       		.byte	0x1
 964 030c 05       		.byte	0x5
 965 030d 03       		.byte	0x3
 966 030e 00000000 		.4byte	r12
 967 0312 09       		.uleb128 0x9
 968 0313 72313300 		.ascii	"r13\000"
 969 0317 01       		.byte	0x1
 970 0318 08       		.byte	0x8
 971 0319 70000000 		.4byte	0x70
 972 031d 01       		.byte	0x1
 973 031e 05       		.byte	0x5
 974 031f 03       		.byte	0x3
 975 0320 00000000 		.4byte	r13
 976 0324 09       		.uleb128 0x9
 977 0325 72313400 		.ascii	"r14\000"
 978 0329 01       		.byte	0x1
 979 032a 08       		.byte	0x8
 980 032b 70000000 		.4byte	0x70
 981 032f 01       		.byte	0x1
 982 0330 05       		.byte	0x5
 983 0331 03       		.byte	0x3
 984 0332 00000000 		.4byte	r14
 985 0336 09       		.uleb128 0x9
 986 0337 72313500 		.ascii	"r15\000"
 987 033b 01       		.byte	0x1
 988 033c 08       		.byte	0x8
 989 033d 70000000 		.4byte	0x70
 990 0341 01       		.byte	0x1
 991 0342 05       		.byte	0x5
 992 0343 03       		.byte	0x3
 993 0344 00000000 		.4byte	r15
 994 0348 0A       		.uleb128 0xa
 995 0349 01       		.byte	0x1
 996 034a 2E010000 		.4byte	.LASF40
 997 034e 01       		.byte	0x1
 998 034f 2201     		.2byte	0x122
 999 0351 01       		.byte	0x1
 1000 0352 70000000 		.4byte	0x70
 1001 0356 E4010000 		.4byte	.LFB3
 1002 035a FC010000 		.4byte	.LFE3
 1003 035e 00000000 		.4byte	.LLST2
 1004 0362 01       		.byte	0x1
 1005 0363 AE030000 		.4byte	0x3ae
 1006 0367 0B       		.uleb128 0xb
 1007 0368 2B020000 		.4byte	.LASF34
 1008 036c 01       		.byte	0x1
 1009 036d 2201     		.2byte	0x122
 1010 036f AE030000 		.4byte	0x3ae
ARM GAS  C:\Users\Diogo\AppData\Local\Temp\ccCnai9x.s 			page 24


 1011 0373 38000000 		.4byte	.LLST3
 1012 0377 0B       		.uleb128 0xb
 1013 0378 17010000 		.4byte	.LASF35
 1014 037c 01       		.byte	0x1
 1015 037d 2201     		.2byte	0x122
 1016 037f AE030000 		.4byte	0x3ae
 1017 0383 59000000 		.4byte	.LLST4
 1018 0387 0C       		.uleb128 0xc
 1019 0388 EE010000 		.4byte	.LVL7
 1020 038c 34040000 		.4byte	0x434
 1021 0390 9C030000 		.4byte	0x39c
 1022 0394 0D       		.uleb128 0xd
 1023 0395 01       		.byte	0x1
 1024 0396 50       		.byte	0x50
 1025 0397 03       		.byte	0x3
 1026 0398 F3       		.byte	0xf3
 1027 0399 01       		.uleb128 0x1
 1028 039a 50       		.byte	0x50
 1029 039b 00       		.byte	0
 1030 039c 0E       		.uleb128 0xe
 1031 039d F4010000 		.4byte	.LVL8
 1032 03a1 07040000 		.4byte	0x407
 1033 03a5 0D       		.uleb128 0xd
 1034 03a6 01       		.byte	0x1
 1035 03a7 50       		.byte	0x50
 1036 03a8 03       		.byte	0x3
 1037 03a9 91       		.byte	0x91
 1038 03aa 74       		.sleb128 -12
 1039 03ab 06       		.byte	0x6
 1040 03ac 00       		.byte	0
 1041 03ad 00       		.byte	0
 1042 03ae 04       		.uleb128 0x4
 1043 03af 04       		.byte	0x4
 1044 03b0 FD010000 		.4byte	0x1fd
 1045 03b4 0F       		.uleb128 0xf
 1046 03b5 01       		.byte	0x1
 1047 03b6 72010000 		.4byte	.LASF42
 1048 03ba 01       		.byte	0x1
 1049 03bb 1D01     		.2byte	0x11d
 1050 03bd 01       		.byte	0x1
 1051 03be E0010000 		.4byte	.LFB2
 1052 03c2 E4010000 		.4byte	.LFE2
 1053 03c6 02       		.byte	0x2
 1054 03c7 7D       		.byte	0x7d
 1055 03c8 00       		.sleb128 0
 1056 03c9 01       		.byte	0x1
 1057 03ca 07040000 		.4byte	0x407
 1058 03ce 10       		.uleb128 0x10
 1059 03cf 5C010000 		.4byte	.LASF36
 1060 03d3 01       		.byte	0x1
 1061 03d4 1D01     		.2byte	0x11d
 1062 03d6 AE030000 		.4byte	0x3ae
 1063 03da 01       		.byte	0x1
 1064 03db 50       		.byte	0x50
 1065 03dc 10       		.uleb128 0x10
 1066 03dd 09010000 		.4byte	.LASF37
 1067 03e1 01       		.byte	0x1
ARM GAS  C:\Users\Diogo\AppData\Local\Temp\ccCnai9x.s 			page 25


 1068 03e2 1D01     		.2byte	0x11d
 1069 03e4 70000000 		.4byte	0x70
 1070 03e8 01       		.byte	0x1
 1071 03e9 51       		.byte	0x51
 1072 03ea 10       		.uleb128 0x10
 1073 03eb 64010000 		.4byte	.LASF38
 1074 03ef 01       		.byte	0x1
 1075 03f0 1D01     		.2byte	0x11d
 1076 03f2 70000000 		.4byte	0x70
 1077 03f6 01       		.byte	0x1
 1078 03f7 52       		.byte	0x52
 1079 03f8 10       		.uleb128 0x10
 1080 03f9 8E010000 		.4byte	.LASF39
 1081 03fd 01       		.byte	0x1
 1082 03fe 1D01     		.2byte	0x11d
 1083 0400 5C000000 		.4byte	0x5c
 1084 0404 01       		.byte	0x1
 1085 0405 53       		.byte	0x53
 1086 0406 00       		.byte	0
 1087 0407 11       		.uleb128 0x11
 1088 0408 01       		.byte	0x1
 1089 0409 6A000000 		.4byte	.LASF41
 1090 040d 01       		.byte	0x1
 1091 040e 90       		.byte	0x90
 1092 040f 01       		.byte	0x1
 1093 0410 70000000 		.4byte	0x70
 1094 0414 CC000000 		.4byte	.LFB1
 1095 0418 E0010000 		.4byte	.LFE1
 1096 041c 02       		.byte	0x2
 1097 041d 7D       		.byte	0x7d
 1098 041e 00       		.sleb128 0
 1099 041f 01       		.byte	0x1
 1100 0420 34040000 		.4byte	0x434
 1101 0424 12       		.uleb128 0x12
 1102 0425 5C010000 		.4byte	.LASF36
 1103 0429 01       		.byte	0x1
 1104 042a 90       		.byte	0x90
 1105 042b AE030000 		.4byte	0x3ae
 1106 042f 78000000 		.4byte	.LLST1
 1107 0433 00       		.byte	0
 1108 0434 13       		.uleb128 0x13
 1109 0435 01       		.byte	0x1
 1110 0436 20020000 		.4byte	.LASF43
 1111 043a 01       		.byte	0x1
 1112 043b 0A       		.byte	0xa
 1113 043c 01       		.byte	0x1
 1114 043d 70000000 		.4byte	0x70
 1115 0441 00000000 		.4byte	.LFB0
 1116 0445 CC000000 		.4byte	.LFE0
 1117 0449 02       		.byte	0x2
 1118 044a 7D       		.byte	0x7d
 1119 044b 00       		.sleb128 0
 1120 044c 01       		.byte	0x1
 1121 044d 12       		.uleb128 0x12
 1122 044e 5C010000 		.4byte	.LASF36
 1123 0452 01       		.byte	0x1
 1124 0453 0A       		.byte	0xa
ARM GAS  C:\Users\Diogo\AppData\Local\Temp\ccCnai9x.s 			page 26


 1125 0454 AE030000 		.4byte	0x3ae
 1126 0458 A4000000 		.4byte	.LLST0
 1127 045c 00       		.byte	0
 1128 045d 00       		.byte	0
 1129              		.section	.debug_abbrev,"",%progbits
 1130              	.Ldebug_abbrev0:
 1131 0000 01       		.uleb128 0x1
 1132 0001 11       		.uleb128 0x11
 1133 0002 01       		.byte	0x1
 1134 0003 25       		.uleb128 0x25
 1135 0004 0E       		.uleb128 0xe
 1136 0005 13       		.uleb128 0x13
 1137 0006 0B       		.uleb128 0xb
 1138 0007 03       		.uleb128 0x3
 1139 0008 0E       		.uleb128 0xe
 1140 0009 1B       		.uleb128 0x1b
 1141 000a 0E       		.uleb128 0xe
 1142 000b 11       		.uleb128 0x11
 1143 000c 01       		.uleb128 0x1
 1144 000d 12       		.uleb128 0x12
 1145 000e 01       		.uleb128 0x1
 1146 000f 10       		.uleb128 0x10
 1147 0010 06       		.uleb128 0x6
 1148 0011 00       		.byte	0
 1149 0012 00       		.byte	0
 1150 0013 02       		.uleb128 0x2
 1151 0014 13       		.uleb128 0x13
 1152 0015 01       		.byte	0x1
 1153 0016 03       		.uleb128 0x3
 1154 0017 0E       		.uleb128 0xe
 1155 0018 0B       		.uleb128 0xb
 1156 0019 0B       		.uleb128 0xb
 1157 001a 3A       		.uleb128 0x3a
 1158 001b 0B       		.uleb128 0xb
 1159 001c 3B       		.uleb128 0x3b
 1160 001d 0B       		.uleb128 0xb
 1161 001e 01       		.uleb128 0x1
 1162 001f 13       		.uleb128 0x13
 1163 0020 00       		.byte	0
 1164 0021 00       		.byte	0
 1165 0022 03       		.uleb128 0x3
 1166 0023 0D       		.uleb128 0xd
 1167 0024 00       		.byte	0
 1168 0025 03       		.uleb128 0x3
 1169 0026 0E       		.uleb128 0xe
 1170 0027 3A       		.uleb128 0x3a
 1171 0028 0B       		.uleb128 0xb
 1172 0029 3B       		.uleb128 0x3b
 1173 002a 0B       		.uleb128 0xb
 1174 002b 49       		.uleb128 0x49
 1175 002c 13       		.uleb128 0x13
 1176 002d 38       		.uleb128 0x38
 1177 002e 0A       		.uleb128 0xa
 1178 002f 00       		.byte	0
 1179 0030 00       		.byte	0
 1180 0031 04       		.uleb128 0x4
 1181 0032 0F       		.uleb128 0xf
ARM GAS  C:\Users\Diogo\AppData\Local\Temp\ccCnai9x.s 			page 27


 1182 0033 00       		.byte	0
 1183 0034 0B       		.uleb128 0xb
 1184 0035 0B       		.uleb128 0xb
 1185 0036 49       		.uleb128 0x49
 1186 0037 13       		.uleb128 0x13
 1187 0038 00       		.byte	0
 1188 0039 00       		.byte	0
 1189 003a 05       		.uleb128 0x5
 1190 003b 24       		.uleb128 0x24
 1191 003c 00       		.byte	0
 1192 003d 0B       		.uleb128 0xb
 1193 003e 0B       		.uleb128 0xb
 1194 003f 3E       		.uleb128 0x3e
 1195 0040 0B       		.uleb128 0xb
 1196 0041 03       		.uleb128 0x3
 1197 0042 0E       		.uleb128 0xe
 1198 0043 00       		.byte	0
 1199 0044 00       		.byte	0
 1200 0045 06       		.uleb128 0x6
 1201 0046 24       		.uleb128 0x24
 1202 0047 00       		.byte	0
 1203 0048 0B       		.uleb128 0xb
 1204 0049 0B       		.uleb128 0xb
 1205 004a 3E       		.uleb128 0x3e
 1206 004b 0B       		.uleb128 0xb
 1207 004c 03       		.uleb128 0x3
 1208 004d 08       		.uleb128 0x8
 1209 004e 00       		.byte	0
 1210 004f 00       		.byte	0
 1211 0050 07       		.uleb128 0x7
 1212 0051 16       		.uleb128 0x16
 1213 0052 00       		.byte	0
 1214 0053 03       		.uleb128 0x3
 1215 0054 0E       		.uleb128 0xe
 1216 0055 3A       		.uleb128 0x3a
 1217 0056 0B       		.uleb128 0xb
 1218 0057 3B       		.uleb128 0x3b
 1219 0058 0B       		.uleb128 0xb
 1220 0059 49       		.uleb128 0x49
 1221 005a 13       		.uleb128 0x13
 1222 005b 00       		.byte	0
 1223 005c 00       		.byte	0
 1224 005d 08       		.uleb128 0x8
 1225 005e 34       		.uleb128 0x34
 1226 005f 00       		.byte	0
 1227 0060 03       		.uleb128 0x3
 1228 0061 0E       		.uleb128 0xe
 1229 0062 3A       		.uleb128 0x3a
 1230 0063 0B       		.uleb128 0xb
 1231 0064 3B       		.uleb128 0x3b
 1232 0065 0B       		.uleb128 0xb
 1233 0066 49       		.uleb128 0x49
 1234 0067 13       		.uleb128 0x13
 1235 0068 3F       		.uleb128 0x3f
 1236 0069 0C       		.uleb128 0xc
 1237 006a 3C       		.uleb128 0x3c
 1238 006b 0C       		.uleb128 0xc
ARM GAS  C:\Users\Diogo\AppData\Local\Temp\ccCnai9x.s 			page 28


 1239 006c 00       		.byte	0
 1240 006d 00       		.byte	0
 1241 006e 09       		.uleb128 0x9
 1242 006f 34       		.uleb128 0x34
 1243 0070 00       		.byte	0
 1244 0071 03       		.uleb128 0x3
 1245 0072 08       		.uleb128 0x8
 1246 0073 3A       		.uleb128 0x3a
 1247 0074 0B       		.uleb128 0xb
 1248 0075 3B       		.uleb128 0x3b
 1249 0076 0B       		.uleb128 0xb
 1250 0077 49       		.uleb128 0x49
 1251 0078 13       		.uleb128 0x13
 1252 0079 3F       		.uleb128 0x3f
 1253 007a 0C       		.uleb128 0xc
 1254 007b 02       		.uleb128 0x2
 1255 007c 0A       		.uleb128 0xa
 1256 007d 00       		.byte	0
 1257 007e 00       		.byte	0
 1258 007f 0A       		.uleb128 0xa
 1259 0080 2E       		.uleb128 0x2e
 1260 0081 01       		.byte	0x1
 1261 0082 3F       		.uleb128 0x3f
 1262 0083 0C       		.uleb128 0xc
 1263 0084 03       		.uleb128 0x3
 1264 0085 0E       		.uleb128 0xe
 1265 0086 3A       		.uleb128 0x3a
 1266 0087 0B       		.uleb128 0xb
 1267 0088 3B       		.uleb128 0x3b
 1268 0089 05       		.uleb128 0x5
 1269 008a 27       		.uleb128 0x27
 1270 008b 0C       		.uleb128 0xc
 1271 008c 49       		.uleb128 0x49
 1272 008d 13       		.uleb128 0x13
 1273 008e 11       		.uleb128 0x11
 1274 008f 01       		.uleb128 0x1
 1275 0090 12       		.uleb128 0x12
 1276 0091 01       		.uleb128 0x1
 1277 0092 40       		.uleb128 0x40
 1278 0093 06       		.uleb128 0x6
 1279 0094 9742     		.uleb128 0x2117
 1280 0096 0C       		.uleb128 0xc
 1281 0097 01       		.uleb128 0x1
 1282 0098 13       		.uleb128 0x13
 1283 0099 00       		.byte	0
 1284 009a 00       		.byte	0
 1285 009b 0B       		.uleb128 0xb
 1286 009c 05       		.uleb128 0x5
 1287 009d 00       		.byte	0
 1288 009e 03       		.uleb128 0x3
 1289 009f 0E       		.uleb128 0xe
 1290 00a0 3A       		.uleb128 0x3a
 1291 00a1 0B       		.uleb128 0xb
 1292 00a2 3B       		.uleb128 0x3b
 1293 00a3 05       		.uleb128 0x5
 1294 00a4 49       		.uleb128 0x49
 1295 00a5 13       		.uleb128 0x13
ARM GAS  C:\Users\Diogo\AppData\Local\Temp\ccCnai9x.s 			page 29


 1296 00a6 02       		.uleb128 0x2
 1297 00a7 06       		.uleb128 0x6
 1298 00a8 00       		.byte	0
 1299 00a9 00       		.byte	0
 1300 00aa 0C       		.uleb128 0xc
 1301 00ab 898201   		.uleb128 0x4109
 1302 00ae 01       		.byte	0x1
 1303 00af 11       		.uleb128 0x11
 1304 00b0 01       		.uleb128 0x1
 1305 00b1 31       		.uleb128 0x31
 1306 00b2 13       		.uleb128 0x13
 1307 00b3 01       		.uleb128 0x1
 1308 00b4 13       		.uleb128 0x13
 1309 00b5 00       		.byte	0
 1310 00b6 00       		.byte	0
 1311 00b7 0D       		.uleb128 0xd
 1312 00b8 8A8201   		.uleb128 0x410a
 1313 00bb 00       		.byte	0
 1314 00bc 02       		.uleb128 0x2
 1315 00bd 0A       		.uleb128 0xa
 1316 00be 9142     		.uleb128 0x2111
 1317 00c0 0A       		.uleb128 0xa
 1318 00c1 00       		.byte	0
 1319 00c2 00       		.byte	0
 1320 00c3 0E       		.uleb128 0xe
 1321 00c4 898201   		.uleb128 0x4109
 1322 00c7 01       		.byte	0x1
 1323 00c8 11       		.uleb128 0x11
 1324 00c9 01       		.uleb128 0x1
 1325 00ca 31       		.uleb128 0x31
 1326 00cb 13       		.uleb128 0x13
 1327 00cc 00       		.byte	0
 1328 00cd 00       		.byte	0
 1329 00ce 0F       		.uleb128 0xf
 1330 00cf 2E       		.uleb128 0x2e
 1331 00d0 01       		.byte	0x1
 1332 00d1 3F       		.uleb128 0x3f
 1333 00d2 0C       		.uleb128 0xc
 1334 00d3 03       		.uleb128 0x3
 1335 00d4 0E       		.uleb128 0xe
 1336 00d5 3A       		.uleb128 0x3a
 1337 00d6 0B       		.uleb128 0xb
 1338 00d7 3B       		.uleb128 0x3b
 1339 00d8 05       		.uleb128 0x5
 1340 00d9 27       		.uleb128 0x27
 1341 00da 0C       		.uleb128 0xc
 1342 00db 11       		.uleb128 0x11
 1343 00dc 01       		.uleb128 0x1
 1344 00dd 12       		.uleb128 0x12
 1345 00de 01       		.uleb128 0x1
 1346 00df 40       		.uleb128 0x40
 1347 00e0 0A       		.uleb128 0xa
 1348 00e1 9742     		.uleb128 0x2117
 1349 00e3 0C       		.uleb128 0xc
 1350 00e4 01       		.uleb128 0x1
 1351 00e5 13       		.uleb128 0x13
 1352 00e6 00       		.byte	0
ARM GAS  C:\Users\Diogo\AppData\Local\Temp\ccCnai9x.s 			page 30


 1353 00e7 00       		.byte	0
 1354 00e8 10       		.uleb128 0x10
 1355 00e9 05       		.uleb128 0x5
 1356 00ea 00       		.byte	0
 1357 00eb 03       		.uleb128 0x3
 1358 00ec 0E       		.uleb128 0xe
 1359 00ed 3A       		.uleb128 0x3a
 1360 00ee 0B       		.uleb128 0xb
 1361 00ef 3B       		.uleb128 0x3b
 1362 00f0 05       		.uleb128 0x5
 1363 00f1 49       		.uleb128 0x49
 1364 00f2 13       		.uleb128 0x13
 1365 00f3 02       		.uleb128 0x2
 1366 00f4 0A       		.uleb128 0xa
 1367 00f5 00       		.byte	0
 1368 00f6 00       		.byte	0
 1369 00f7 11       		.uleb128 0x11
 1370 00f8 2E       		.uleb128 0x2e
 1371 00f9 01       		.byte	0x1
 1372 00fa 3F       		.uleb128 0x3f
 1373 00fb 0C       		.uleb128 0xc
 1374 00fc 03       		.uleb128 0x3
 1375 00fd 0E       		.uleb128 0xe
 1376 00fe 3A       		.uleb128 0x3a
 1377 00ff 0B       		.uleb128 0xb
 1378 0100 3B       		.uleb128 0x3b
 1379 0101 0B       		.uleb128 0xb
 1380 0102 27       		.uleb128 0x27
 1381 0103 0C       		.uleb128 0xc
 1382 0104 49       		.uleb128 0x49
 1383 0105 13       		.uleb128 0x13
 1384 0106 11       		.uleb128 0x11
 1385 0107 01       		.uleb128 0x1
 1386 0108 12       		.uleb128 0x12
 1387 0109 01       		.uleb128 0x1
 1388 010a 40       		.uleb128 0x40
 1389 010b 0A       		.uleb128 0xa
 1390 010c 9742     		.uleb128 0x2117
 1391 010e 0C       		.uleb128 0xc
 1392 010f 01       		.uleb128 0x1
 1393 0110 13       		.uleb128 0x13
 1394 0111 00       		.byte	0
 1395 0112 00       		.byte	0
 1396 0113 12       		.uleb128 0x12
 1397 0114 05       		.uleb128 0x5
 1398 0115 00       		.byte	0
 1399 0116 03       		.uleb128 0x3
 1400 0117 0E       		.uleb128 0xe
 1401 0118 3A       		.uleb128 0x3a
 1402 0119 0B       		.uleb128 0xb
 1403 011a 3B       		.uleb128 0x3b
 1404 011b 0B       		.uleb128 0xb
 1405 011c 49       		.uleb128 0x49
 1406 011d 13       		.uleb128 0x13
 1407 011e 02       		.uleb128 0x2
 1408 011f 06       		.uleb128 0x6
 1409 0120 00       		.byte	0
ARM GAS  C:\Users\Diogo\AppData\Local\Temp\ccCnai9x.s 			page 31


 1410 0121 00       		.byte	0
 1411 0122 13       		.uleb128 0x13
 1412 0123 2E       		.uleb128 0x2e
 1413 0124 01       		.byte	0x1
 1414 0125 3F       		.uleb128 0x3f
 1415 0126 0C       		.uleb128 0xc
 1416 0127 03       		.uleb128 0x3
 1417 0128 0E       		.uleb128 0xe
 1418 0129 3A       		.uleb128 0x3a
 1419 012a 0B       		.uleb128 0xb
 1420 012b 3B       		.uleb128 0x3b
 1421 012c 0B       		.uleb128 0xb
 1422 012d 27       		.uleb128 0x27
 1423 012e 0C       		.uleb128 0xc
 1424 012f 49       		.uleb128 0x49
 1425 0130 13       		.uleb128 0x13
 1426 0131 11       		.uleb128 0x11
 1427 0132 01       		.uleb128 0x1
 1428 0133 12       		.uleb128 0x12
 1429 0134 01       		.uleb128 0x1
 1430 0135 40       		.uleb128 0x40
 1431 0136 0A       		.uleb128 0xa
 1432 0137 9742     		.uleb128 0x2117
 1433 0139 0C       		.uleb128 0xc
 1434 013a 00       		.byte	0
 1435 013b 00       		.byte	0
 1436 013c 00       		.byte	0
 1437              		.section	.debug_loc,"",%progbits
 1438              	.Ldebug_loc0:
 1439              	.LLST2:
 1440 0000 E4010000 		.4byte	.LFB3-.Ltext0
 1441 0004 E6010000 		.4byte	.LCFI0-.Ltext0
 1442 0008 0200     		.2byte	0x2
 1443 000a 7D       		.byte	0x7d
 1444 000b 00       		.sleb128 0
 1445 000c E6010000 		.4byte	.LCFI0-.Ltext0
 1446 0010 E8010000 		.4byte	.LCFI1-.Ltext0
 1447 0014 0200     		.2byte	0x2
 1448 0016 7D       		.byte	0x7d
 1449 0017 04       		.sleb128 4
 1450 0018 E8010000 		.4byte	.LCFI1-.Ltext0
 1451 001c F8010000 		.4byte	.LCFI2-.Ltext0
 1452 0020 0200     		.2byte	0x2
 1453 0022 7D       		.byte	0x7d
 1454 0023 10       		.sleb128 16
 1455 0024 F8010000 		.4byte	.LCFI2-.Ltext0
 1456 0028 FC010000 		.4byte	.LFE3-.Ltext0
 1457 002c 0200     		.2byte	0x2
 1458 002e 7D       		.byte	0x7d
 1459 002f 04       		.sleb128 4
 1460 0030 00000000 		.4byte	0
 1461 0034 00000000 		.4byte	0
 1462              	.LLST3:
 1463 0038 E4010000 		.4byte	.LVL6-.Ltext0
 1464 003c ED010000 		.4byte	.LVL7-1-.Ltext0
 1465 0040 0100     		.2byte	0x1
 1466 0042 50       		.byte	0x50
ARM GAS  C:\Users\Diogo\AppData\Local\Temp\ccCnai9x.s 			page 32


 1467 0043 ED010000 		.4byte	.LVL7-1-.Ltext0
 1468 0047 FC010000 		.4byte	.LFE3-.Ltext0
 1469 004b 0400     		.2byte	0x4
 1470 004d F3       		.byte	0xf3
 1471 004e 01       		.uleb128 0x1
 1472 004f 50       		.byte	0x50
 1473 0050 9F       		.byte	0x9f
 1474 0051 00000000 		.4byte	0
 1475 0055 00000000 		.4byte	0
 1476              	.LLST4:
 1477 0059 E4010000 		.4byte	.LVL6-.Ltext0
 1478 005d ED010000 		.4byte	.LVL7-1-.Ltext0
 1479 0061 0100     		.2byte	0x1
 1480 0063 51       		.byte	0x51
 1481 0064 ED010000 		.4byte	.LVL7-1-.Ltext0
 1482 0068 FC010000 		.4byte	.LFE3-.Ltext0
 1483 006c 0200     		.2byte	0x2
 1484 006e 91       		.byte	0x91
 1485 006f 74       		.sleb128 -12
 1486 0070 00000000 		.4byte	0
 1487 0074 00000000 		.4byte	0
 1488              	.LLST1:
 1489 0078 CC000000 		.4byte	.LVL2-.Ltext0
 1490 007c 84010000 		.4byte	.LVL3-.Ltext0
 1491 0080 0100     		.2byte	0x1
 1492 0082 50       		.byte	0x50
 1493 0083 84010000 		.4byte	.LVL3-.Ltext0
 1494 0087 86010000 		.4byte	.LVL4-.Ltext0
 1495 008b 0400     		.2byte	0x4
 1496 008d F3       		.byte	0xf3
 1497 008e 01       		.uleb128 0x1
 1498 008f 50       		.byte	0x50
 1499 0090 9F       		.byte	0x9f
 1500 0091 86010000 		.4byte	.LVL4-.Ltext0
 1501 0095 E0010000 		.4byte	.LFE1-.Ltext0
 1502 0099 0100     		.2byte	0x1
 1503 009b 50       		.byte	0x50
 1504 009c 00000000 		.4byte	0
 1505 00a0 00000000 		.4byte	0
 1506              	.LLST0:
 1507 00a4 00000000 		.4byte	.LVL0-.Ltext0
 1508 00a8 86000000 		.4byte	.LVL1-.Ltext0
 1509 00ac 0100     		.2byte	0x1
 1510 00ae 50       		.byte	0x50
 1511 00af 86000000 		.4byte	.LVL1-.Ltext0
 1512 00b3 CC000000 		.4byte	.LFE0-.Ltext0
 1513 00b7 0400     		.2byte	0x4
 1514 00b9 F3       		.byte	0xf3
 1515 00ba 01       		.uleb128 0x1
 1516 00bb 50       		.byte	0x50
 1517 00bc 9F       		.byte	0x9f
 1518 00bd 00000000 		.4byte	0
 1519 00c1 00000000 		.4byte	0
 1520              		.section	.debug_aranges,"",%progbits
 1521 0000 1C000000 		.4byte	0x1c
 1522 0004 0200     		.2byte	0x2
 1523 0006 00000000 		.4byte	.Ldebug_info0
ARM GAS  C:\Users\Diogo\AppData\Local\Temp\ccCnai9x.s 			page 33


 1524 000a 04       		.byte	0x4
 1525 000b 00       		.byte	0
 1526 000c 0000     		.2byte	0
 1527 000e 0000     		.2byte	0
 1528 0010 00000000 		.4byte	.Ltext0
 1529 0014 FC010000 		.4byte	.Letext0-.Ltext0
 1530 0018 00000000 		.4byte	0
 1531 001c 00000000 		.4byte	0
 1532              		.section	.debug_line,"",%progbits
 1533              	.Ldebug_line0:
 1534 0000 A8000000 		.section	.debug_str,"MS",%progbits,1
 1534      02003700 
 1534      00000201 
 1534      FB0E0D00 
 1534      01010101 
 1535              	.LASF45:
 1536 0000 636F6E74 		.ascii	"context/ucontext.c\000"
 1536      6578742F 
 1536      75636F6E 
 1536      74657874 
 1536      2E6300
 1537              	.LASF4:
 1538 0013 6C6F6E67 		.ascii	"long int\000"
 1538      20696E74 
 1538      00
 1539              	.LASF8:
 1540 001c 72656753 		.ascii	"regSP\000"
 1540      5000
 1541              	.LASF46:
 1542 0022 443A5C55 		.ascii	"D:\\UTFPR\\SISTEMAS OPERACIONAIS\\P1_2017_NOVO_TIVA"
 1542      54465052 
 1542      5C534953 
 1542      54454D41 
 1542      53204F50 
 1543 0052 5F474343 		.ascii	"_GCC - 1294\000"
 1543      202D2031 
 1543      32393400 
 1544              	.LASF29:
 1545 005e 75635F6D 		.ascii	"uc_mcontext\000"
 1545      636F6E74 
 1545      65787400 
 1546              	.LASF41:
 1547 006a 73657463 		.ascii	"setcontext\000"
 1547      6F6E7465 
 1547      787400
 1548              	.LASF26:
 1549 0075 75636F6E 		.ascii	"ucontext_t\000"
 1549      74657874 
 1549      5F7400
 1550              	.LASF20:
 1551 0080 72656752 		.ascii	"regR10\000"
 1551      313000
 1552              	.LASF21:
 1553 0087 72656752 		.ascii	"regR11\000"
 1553      313100
 1554              	.LASF22:
 1555 008e 72656752 		.ascii	"regR12\000"
ARM GAS  C:\Users\Diogo\AppData\Local\Temp\ccCnai9x.s 			page 34


 1555      313200
 1556              	.LASF23:
 1557 0095 72656752 		.ascii	"regR13\000"
 1557      313300
 1558              	.LASF24:
 1559 009c 72656752 		.ascii	"regR14\000"
 1559      313400
 1560              	.LASF25:
 1561 00a3 72656752 		.ascii	"regR15\000"
 1561      313500
 1562              	.LASF31:
 1563 00aa 696E6974 		.ascii	"initialized\000"
 1563      69616C69 
 1563      7A656400 
 1564              	.LASF10:
 1565 00b6 72656752 		.ascii	"regR0\000"
 1565      3000
 1566              	.LASF11:
 1567 00bc 72656752 		.ascii	"regR1\000"
 1567      3100
 1568              	.LASF12:
 1569 00c2 72656752 		.ascii	"regR2\000"
 1569      3200
 1570              	.LASF13:
 1571 00c8 72656752 		.ascii	"regR3\000"
 1571      3300
 1572              	.LASF14:
 1573 00ce 72656752 		.ascii	"regR4\000"
 1573      3400
 1574              	.LASF15:
 1575 00d4 72656752 		.ascii	"regR5\000"
 1575      3500
 1576              	.LASF16:
 1577 00da 72656752 		.ascii	"regR6\000"
 1577      3600
 1578              	.LASF17:
 1579 00e0 72656752 		.ascii	"regR7\000"
 1579      3700
 1580              	.LASF18:
 1581 00e6 72656752 		.ascii	"regR8\000"
 1581      3800
 1582              	.LASF19:
 1583 00ec 72656752 		.ascii	"regR9\000"
 1583      3900
 1584              	.LASF33:
 1585 00f2 6D656D50 		.ascii	"memPC\000"
 1585      4300
 1586              	.LASF6:
 1587 00f8 6D636F6E 		.ascii	"mcontext_t\000"
 1587      74657874 
 1587      5F7400
 1588              	.LASF7:
 1589 0103 72656750 		.ascii	"regPC\000"
 1589      4300
 1590              	.LASF37:
 1591 0109 73746172 		.ascii	"start_routine\000"
 1591      745F726F 
ARM GAS  C:\Users\Diogo\AppData\Local\Temp\ccCnai9x.s 			page 35


 1591      7574696E 
 1591      6500
 1592              	.LASF35:
 1593 0117 656E7472 		.ascii	"entrada\000"
 1593      61646100 
 1594              	.LASF30:
 1595 011f 66756E63 		.ascii	"func\000"
 1595      00
 1596              	.LASF32:
 1597 0124 666C6167 		.ascii	"flag\000"
 1597      00
 1598              	.LASF3:
 1599 0129 63686172 		.ascii	"char\000"
 1599      00
 1600              	.LASF40:
 1601 012e 73776170 		.ascii	"swapcontext\000"
 1601      636F6E74 
 1601      65787400 
 1602              	.LASF9:
 1603 013a 72656743 		.ascii	"regCPSR\000"
 1603      50535200 
 1604              	.LASF28:
 1605 0142 75635F73 		.ascii	"uc_stack\000"
 1605      7461636B 
 1605      00
 1606              	.LASF27:
 1607 014b 75635F6C 		.ascii	"uc_link\000"
 1607      696E6B00 
 1608              	.LASF2:
 1609 0153 73735F66 		.ascii	"ss_flags\000"
 1609      6C616773 
 1609      00
 1610              	.LASF36:
 1611 015c 636F6E74 		.ascii	"context\000"
 1611      65787400 
 1612              	.LASF38:
 1613 0164 6E5F7061 		.ascii	"n_parms\000"
 1613      726D7300 
 1614              	.LASF0:
 1615 016c 73735F73 		.ascii	"ss_sp\000"
 1615      7000
 1616              	.LASF42:
 1617 0172 6D616B65 		.ascii	"makecontext\000"
 1617      636F6E74 
 1617      65787400 
 1618              	.LASF1:
 1619 017e 73735F73 		.ascii	"ss_size\000"
 1619      697A6500 
 1620              	.LASF5:
 1621 0186 73746163 		.ascii	"stack_t\000"
 1621      6B5F7400 
 1622              	.LASF39:
 1623 018e 7061726D 		.ascii	"parm\000"
 1623      00
 1624              	.LASF44:
 1625 0193 474E5520 		.ascii	"GNU C11 7.3.1 20180622 (release) [ARM/embedded-7-br"
 1625      43313120 
ARM GAS  C:\Users\Diogo\AppData\Local\Temp\ccCnai9x.s 			page 36


 1625      372E332E 
 1625      31203230 
 1625      31383036 
 1626 01c6 616E6368 		.ascii	"anch revision 261907] -mcpu=cortex-m4 -mthumb -mapc"
 1626      20726576 
 1626      6973696F 
 1626      6E203236 
 1626      31393037 
 1627 01f9 732D6672 		.ascii	"s-frame -mthumb-interwork -gdwarf-2 -O\000"
 1627      616D6520 
 1627      2D6D7468 
 1627      756D622D 
 1627      696E7465 
 1628              	.LASF43:
 1629 0220 67657463 		.ascii	"getcontext\000"
 1629      6F6E7465 
 1629      787400
 1630              	.LASF34:
 1631 022b 73616964 		.ascii	"saida\000"
 1631      6100
 1632              		.ident	"GCC: (GNU Tools for Arm Embedded Processors 7-2018-q2-update) 7.3.1 20180622 (release) [AR
ARM GAS  C:\Users\Diogo\AppData\Local\Temp\ccCnai9x.s 			page 37


DEFINED SYMBOLS
                            *ABS*:00000000 ucontext.c
C:\Users\Diogo\AppData\Local\Temp\ccCnai9x.s:15     .text:00000000 $t
C:\Users\Diogo\AppData\Local\Temp\ccCnai9x.s:22     .text:00000000 getcontext
                            *COM*:00000004 r3
C:\Users\Diogo\AppData\Local\Temp\ccCnai9x.s:195    .text:00000088 $d
                            *COM*:00000004 r0
                            *COM*:00000004 r1
                            *COM*:00000004 r2
                            *COM*:00000004 r4
                            *COM*:00000004 r5
                            *COM*:00000004 r6
                            *COM*:00000004 r7
                            *COM*:00000004 r8
                            *COM*:00000004 r9
                            *COM*:00000004 r10
                            *COM*:00000004 r11
                            *COM*:00000004 r12
                            *COM*:00000004 r13
                            *COM*:00000004 r15
                            *COM*:00000004 r
C:\Users\Diogo\AppData\Local\Temp\ccCnai9x.s:215    .text:000000cc $t
C:\Users\Diogo\AppData\Local\Temp\ccCnai9x.s:222    .text:000000cc setcontext
C:\Users\Diogo\AppData\Local\Temp\ccCnai9x.s:446    .text:000001a8 $d
                            *COM*:00000004 r14
C:\Users\Diogo\AppData\Local\Temp\ccCnai9x.s:463    .text:000001e0 $t
C:\Users\Diogo\AppData\Local\Temp\ccCnai9x.s:470    .text:000001e0 makecontext
C:\Users\Diogo\AppData\Local\Temp\ccCnai9x.s:492    .text:000001e4 swapcontext

UNDEFINED SYMBOLS
memPC
flag
